Reading netlist file: "/Users/yatagaclapotk/Desktop/Genel_Calismalar/FPGA/verilog_sorular/CPU/PC/impl/gwsynthesis/PC.vg"
Parsing netlist file "/Users/yatagaclapotk/Desktop/Genel_Calismalar/FPGA/verilog_sorular/CPU/PC/impl/gwsynthesis/PC.vg" completed
Processing netlist completed
Reading constraint file: "/Users/yatagaclapotk/Desktop/Genel_Calismalar/FPGA/verilog_sorular/CPU/PC/src/cons.cst"
Physical Constraint parsed completed
Running placement......
[10%] Placement Phase 0 completed
[20%] Placement Phase 1 completed
[30%] Placement Phase 2 completed
[50%] Placement Phase 3 completed
Running routing......
[60%] Routing Phase 0 completed
[70%] Routing Phase 1 completed
[80%] Routing Phase 2 completed
[90%] Routing Phase 3 completed
Running timing analysis......
[95%] Timing analysis completed
Placement and routing completed
Bitstream generation in progress......
Bitstream generation completed
Running power analysis......
[100%] Power analysis completed
Generate file "/Users/yatagaclapotk/Desktop/Genel_Calismalar/FPGA/verilog_sorular/CPU/PC/impl/pnr/PC.power.html" completed
Generate file "/Users/yatagaclapotk/Desktop/Genel_Calismalar/FPGA/verilog_sorular/CPU/PC/impl/pnr/PC.pin.html" completed
Generate file "/Users/yatagaclapotk/Desktop/Genel_Calismalar/FPGA/verilog_sorular/CPU/PC/impl/pnr/PC.rpt.html" completed
Generate file "/Users/yatagaclapotk/Desktop/Genel_Calismalar/FPGA/verilog_sorular/CPU/PC/impl/pnr/PC.rpt.txt" completed
Generate file "/Users/yatagaclapotk/Desktop/Genel_Calismalar/FPGA/verilog_sorular/CPU/PC/impl/pnr/PC.tr.html" completed
Thu Jul 31 19:04:18 2025

