#! /Users/yatagaclapotk/Programs/oss-cad-suite/bin/vvp
:ivl_version "13.0 (devel)" "(s20250103-17-g30123f894)";
:ivl_delay_selection "TYPICAL";
:vpi_time_precision + 0;
:vpi_module "/Users/yatagaclapotk/Programs/oss-cad-suite/lib/ivl/system.vpi";
:vpi_module "/Users/yatagaclapotk/Programs/oss-cad-suite/lib/ivl/vhdl_sys.vpi";
:vpi_module "/Users/yatagaclapotk/Programs/oss-cad-suite/lib/ivl/vhdl_textio.vpi";
:vpi_module "/Users/yatagaclapotk/Programs/oss-cad-suite/lib/ivl/v2005_math.vpi";
:vpi_module "/Users/yatagaclapotk/Programs/oss-cad-suite/lib/ivl/va_math.vpi";
S_0x141607720 .scope module, "top" "top" 2 1;
 .timescale 0 0;
    .port_info 0 /INPUT 2 "btn";
    .port_info 1 /OUTPUT 4 "led";
L_0x148078010 .functor BUFT 1, C4<00>, C4<0>, C4<0>, C4<0>;
v0x141607890_0 .net/2u *"_ivl_0", 1 0, L_0x148078010;  1 drivers
L_0x1480780e8 .functor BUFT 1, C4<1101>, C4<0>, C4<0>, C4<0>;
v0x14161cbb0_0 .net/2u *"_ivl_10", 3 0, L_0x1480780e8;  1 drivers
L_0x148078130 .functor BUFT 1, C4<10>, C4<0>, C4<0>, C4<0>;
v0x14161cc50_0 .net/2u *"_ivl_12", 1 0, L_0x148078130;  1 drivers
v0x14161cd00_0 .net *"_ivl_14", 0 0, L_0x14161db20;  1 drivers
L_0x148078178 .functor BUFT 1, C4<1011>, C4<0>, C4<0>, C4<0>;
v0x14161cda0_0 .net/2u *"_ivl_16", 3 0, L_0x148078178;  1 drivers
L_0x1480781c0 .functor BUFT 1, C4<11>, C4<0>, C4<0>, C4<0>;
v0x14161ce90_0 .net/2u *"_ivl_18", 1 0, L_0x1480781c0;  1 drivers
v0x14161cf40_0 .net *"_ivl_2", 0 0, L_0x14161d8a0;  1 drivers
v0x14161cfe0_0 .net *"_ivl_20", 0 0, L_0x14161dc20;  1 drivers
L_0x148078208 .functor BUFT 1, C4<0111>, C4<0>, C4<0>, C4<0>;
v0x14161d080_0 .net/2u *"_ivl_22", 3 0, L_0x148078208;  1 drivers
L_0x148078250 .functor BUFT 1, C4<1111>, C4<0>, C4<0>, C4<0>;
v0x14161d190_0 .net/2u *"_ivl_24", 3 0, L_0x148078250;  1 drivers
v0x14161d240_0 .net *"_ivl_26", 3 0, L_0x14161de00;  1 drivers
v0x14161d2f0_0 .net *"_ivl_28", 3 0, L_0x14161df50;  1 drivers
v0x14161d3a0_0 .net *"_ivl_30", 3 0, L_0x14161e0b0;  1 drivers
L_0x148078058 .functor BUFT 1, C4<1110>, C4<0>, C4<0>, C4<0>;
v0x14161d450_0 .net/2u *"_ivl_4", 3 0, L_0x148078058;  1 drivers
L_0x1480780a0 .functor BUFT 1, C4<01>, C4<0>, C4<0>, C4<0>;
v0x14161d500_0 .net/2u *"_ivl_6", 1 0, L_0x1480780a0;  1 drivers
v0x14161d5b0_0 .net *"_ivl_8", 0 0, L_0x14161d9a0;  1 drivers
o0x148040310 .functor BUFZ 2, c4<zz>; HiZ drive
v0x14161d650_0 .net "btn", 1 0, o0x148040310;  0 drivers
v0x14161d7e0_0 .net "led", 3 0, L_0x14161e250;  1 drivers
L_0x14161d8a0 .cmp/eq 2, o0x148040310, L_0x148078010;
L_0x14161d9a0 .cmp/eq 2, o0x148040310, L_0x1480780a0;
L_0x14161db20 .cmp/eq 2, o0x148040310, L_0x148078130;
L_0x14161dc20 .cmp/eq 2, o0x148040310, L_0x1480781c0;
L_0x14161de00 .functor MUXZ 4, L_0x148078250, L_0x148078208, L_0x14161dc20, C4<>;
L_0x14161df50 .functor MUXZ 4, L_0x14161de00, L_0x148078178, L_0x14161db20, C4<>;
L_0x14161e0b0 .functor MUXZ 4, L_0x14161df50, L_0x1480780e8, L_0x14161d9a0, C4<>;
L_0x14161e250 .functor MUXZ 4, L_0x14161e0b0, L_0x148078058, L_0x14161d8a0, C4<>;
# The file index is used to find the file name in the following table.
:file_names 3;
    "N/A";
    "<interactive>";
    "/Users/yatagaclapotk/Desktop/Genel_Calismalar/FPGA/verilog_sorular/LAB2/DECODER/DECODER.v";
