#! /Users/yatagaclapotk/Programs/oss-cad-suite/bin/vvp
:ivl_version "13.0 (devel)" "(s20250103-17-g30123f894)";
:ivl_delay_selection "TYPICAL";
:vpi_time_precision + 0;
:vpi_module "/Users/yatagaclapotk/Programs/oss-cad-suite/lib/ivl/system.vpi";
:vpi_module "/Users/yatagaclapotk/Programs/oss-cad-suite/lib/ivl/vhdl_sys.vpi";
:vpi_module "/Users/yatagaclapotk/Programs/oss-cad-suite/lib/ivl/vhdl_textio.vpi";
:vpi_module "/Users/yatagaclapotk/Programs/oss-cad-suite/lib/ivl/v2005_math.vpi";
:vpi_module "/Users/yatagaclapotk/Programs/oss-cad-suite/lib/ivl/va_math.vpi";
S_0x12560bd10 .scope module, "spi_master" "spi_master" 2 1;
 .timescale 0 0;
    .port_info 0 /INPUT 1 "clk";
    .port_info 1 /INPUT 1 "cpol";
    .port_info 2 /INPUT 1 "cpha";
    .port_info 3 /INPUT 1 "miso";
    .port_info 4 /INPUT 1 "start";
    .port_info 5 /INPUT 8 "data_in";
    .port_info 6 /OUTPUT 1 "sclk";
    .port_info 7 /OUTPUT 1 "mosi";
    .port_info 8 /OUTPUT 1 "finish";
    .port_info 9 /OUTPUT 1 "ss";
    .port_info 10 /OUTPUT 8 "data_out";
P_0x12560c1c0 .param/l "FREQUENCY" 0 2 3, +C4<00000000000101001001100101110000>;
P_0x12560c200 .param/l "WIDTH" 0 2 2, +C4<00000000000000000000000000001000>;
o0x128040010 .functor BUFZ 1, c4<z>; HiZ drive
v0x12560be80_0 .net "clk", 0 0, o0x128040010;  0 drivers
o0x128040040 .functor BUFZ 1, c4<z>; HiZ drive
v0x12561ffd0_0 .net "cpha", 0 0, o0x128040040;  0 drivers
o0x128040070 .functor BUFZ 1, c4<z>; HiZ drive
v0x125620070_0 .net "cpol", 0 0, o0x128040070;  0 drivers
o0x1280400a0 .functor BUFZ 8, c4<zzzzzzzz>; HiZ drive
v0x125620100_0 .net "data_in", 7 0, o0x1280400a0;  0 drivers
o0x1280400d0 .functor BUFZ 8, c4<zzzzzzzz>; HiZ drive
v0x1256201b0_0 .net "data_out", 7 0, o0x1280400d0;  0 drivers
o0x128040100 .functor BUFZ 1, c4<z>; HiZ drive
v0x1256202a0_0 .net "finish", 0 0, o0x128040100;  0 drivers
v0x125620340_0 .var "m_clk", 31 0;
o0x128040160 .functor BUFZ 1, c4<z>; HiZ drive
v0x1256203f0_0 .net "miso", 0 0, o0x128040160;  0 drivers
o0x128040190 .functor BUFZ 1, c4<z>; HiZ drive
v0x125620490_0 .net "mosi", 0 0, o0x128040190;  0 drivers
v0x1256205a0_0 .var "sclk", 0 0;
v0x125620630_0 .var "sclk_a", 0 0;
v0x1256206d0_0 .var "sclk_b", 0 0;
o0x128040250 .functor BUFZ 1, c4<z>; HiZ drive
v0x125620770_0 .net "ss", 0 0, o0x128040250;  0 drivers
o0x128040280 .functor BUFZ 1, c4<z>; HiZ drive
v0x125620810_0 .net "start", 0 0, o0x128040280;  0 drivers
E_0x1256091e0 .event posedge, v0x12560be80_0;
S_0x1256077f0 .scope module, "spi_slave" "spi_slave" 2 51;
 .timescale 0 0;
    .port_info 0 /INPUT 1 "miso";
    .port_info 1 /OUTPUT 1 "sclk";
    .port_info 2 /OUTPUT 1 "mosi";
    .port_info 3 /OUTPUT 1 "ss";
P_0x1256083b0 .param/l "WIDTH" 0 2 52, +C4<00000000000000000000000000001000>;
o0x1280404c0 .functor BUFZ 1, c4<z>; HiZ drive
v0x1256209c0_0 .net "miso", 0 0, o0x1280404c0;  0 drivers
o0x1280404f0 .functor BUFZ 1, c4<z>; HiZ drive
v0x125620a50_0 .net "mosi", 0 0, o0x1280404f0;  0 drivers
o0x128040520 .functor BUFZ 1, c4<z>; HiZ drive
v0x125620ae0_0 .net "sclk", 0 0, o0x128040520;  0 drivers
o0x128040550 .functor BUFZ 1, c4<z>; HiZ drive
v0x125620b70_0 .net "ss", 0 0, o0x128040550;  0 drivers
    .scope S_0x12560bd10;
T_0 ;
    %wait E_0x1256091e0;
    %load/vec4 v0x125620770_0;
    %inv;
    %flag_set/vec4 8;
    %jmp/0xz  T_0.0, 8;
    ; show_stmt_assign_vector: Get l-value for compressed += operand
    %load/vec4 v0x125620340_0;
    %pushi/vec4 1, 0, 32;
    %add;
    %store/vec4 v0x125620340_0, 0, 32;
    %load/vec4 v0x125620340_0;
    %cmpi/e 1350000, 0, 32;
    %jmp/0xz  T_0.2, 4;
    %load/vec4 v0x1256205a0_0;
    %inv;
    %store/vec4 v0x1256205a0_0, 0, 1;
    %pushi/vec4 0, 0, 32;
    %store/vec4 v0x125620340_0, 0, 32;
T_0.2 ;
T_0.0 ;
    %jmp T_0;
    .thread T_0;
    .scope S_0x12560bd10;
T_1 ;
    %load/vec4 v0x125620070_0;
    %store/vec4 v0x1256205a0_0, 0, 1;
    %end;
    .thread T_1;
    .scope S_0x12560bd10;
T_2 ;
    %wait E_0x1256091e0;
    %load/vec4 v0x125620770_0;
    %inv;
    %flag_set/vec4 8;
    %jmp/0xz  T_2.0, 8;
    %load/vec4 v0x1256205a0_0;
    %assign/vec4 v0x125620630_0, 0;
    %load/vec4 v0x125620630_0;
    %assign/vec4 v0x1256206d0_0, 0;
T_2.0 ;
    %jmp T_2;
    .thread T_2;
    .scope S_0x12560bd10;
T_3 ;
    %wait E_0x1256091e0;
    %jmp T_3;
    .thread T_3;
# The file index is used to find the file name in the following table.
:file_names 3;
    "N/A";
    "<interactive>";
    "/Users/yatagaclapotk/Desktop/Genel_Calismalar/FPGA/verilog_sorular/SPI/spi.v";
