#! /Users/yatagaclapotk/Programs/oss-cad-suite/bin/vvp
:ivl_version "13.0 (devel)" "(s20250103-17-g30123f894)";
:ivl_delay_selection "TYPICAL";
:vpi_time_precision + 0;
:vpi_module "/Users/yatagaclapotk/Programs/oss-cad-suite/lib/ivl/system.vpi";
:vpi_module "/Users/yatagaclapotk/Programs/oss-cad-suite/lib/ivl/vhdl_sys.vpi";
:vpi_module "/Users/yatagaclapotk/Programs/oss-cad-suite/lib/ivl/vhdl_textio.vpi";
:vpi_module "/Users/yatagaclapotk/Programs/oss-cad-suite/lib/ivl/v2005_math.vpi";
:vpi_module "/Users/yatagaclapotk/Programs/oss-cad-suite/lib/ivl/va_math.vpi";
S_0x11f450cb0 .scope module, "decoder64" "decoder64" 2 1;
 .timescale 0 0;
    .port_info 0 /INPUT 6 "a";
    .port_info 1 /OUTPUT 64 "y";
o0x11000be50 .functor BUFZ 6, c4<zzzzzz>; HiZ drive
v0x11f4795b0_0 .net "a", 5 0, o0x11000be50;  0 drivers
v0x11f479670_0 .net "ky1", 3 0, v0x11f4608f0_0;  1 drivers
v0x11f479710_0 .net "ky2", 3 0, v0x11f460cd0_0;  1 drivers
v0x11f4797e0_0 .net "ky3", 3 0, v0x11f4610e0_0;  1 drivers
v0x11f479890_0 .net "y", 63 0, L_0x11f489840;  1 drivers
L_0x11f479990 .part v0x11f4608f0_0, 0, 1;
L_0x11f479a70 .part v0x11f460cd0_0, 0, 1;
L_0x11f479c60 .part v0x11f4610e0_0, 0, 1;
L_0x11f479e50 .part v0x11f4608f0_0, 1, 1;
L_0x11f479ef0 .part v0x11f460cd0_0, 0, 1;
L_0x11f47a0d0 .part v0x11f4610e0_0, 0, 1;
L_0x11f47a280 .part v0x11f4608f0_0, 2, 1;
L_0x11f47a3a0 .part v0x11f460cd0_0, 0, 1;
L_0x11f47a590 .part v0x11f4610e0_0, 0, 1;
L_0x11f47a7b0 .part v0x11f4608f0_0, 3, 1;
L_0x11f47a850 .part v0x11f460cd0_0, 0, 1;
L_0x11f47aa20 .part v0x11f4610e0_0, 0, 1;
L_0x11f47abd0 .part v0x11f4608f0_0, 0, 1;
L_0x11f47ace0 .part v0x11f460cd0_0, 1, 1;
L_0x11f47ae70 .part v0x11f4610e0_0, 0, 1;
L_0x11f47b010 .part v0x11f4608f0_0, 1, 1;
L_0x11f47b0b0 .part v0x11f460cd0_0, 1, 1;
L_0x11f47b290 .part v0x11f4610e0_0, 0, 1;
L_0x11f47b440 .part v0x11f4608f0_0, 2, 1;
L_0x11f47b680 .part v0x11f460cd0_0, 1, 1;
L_0x11f47b820 .part v0x11f4610e0_0, 0, 1;
L_0x11f47ba70 .part v0x11f4608f0_0, 3, 1;
L_0x11f47bb10 .part v0x11f460cd0_0, 1, 1;
L_0x11f47bce0 .part v0x11f4610e0_0, 0, 1;
L_0x11f47be70 .part v0x11f4608f0_0, 0, 1;
L_0x11f47bfe0 .part v0x11f460cd0_0, 2, 1;
L_0x11f47c100 .part v0x11f4610e0_0, 0, 1;
L_0x11f47c2f0 .part v0x11f4608f0_0, 1, 1;
L_0x11f47c390 .part v0x11f460cd0_0, 2, 1;
L_0x11f47c590 .part v0x11f4610e0_0, 0, 1;
L_0x11f47c6e0 .part v0x11f4608f0_0, 2, 1;
L_0x11f47c880 .part v0x11f460cd0_0, 2, 1;
L_0x11f47c960 .part v0x11f4610e0_0, 0, 1;
L_0x11f47cb10 .part v0x11f4608f0_0, 3, 1;
L_0x11f47cbb0 .part v0x11f460cd0_0, 2, 1;
L_0x11f47cd70 .part v0x11f4610e0_0, 0, 1;
L_0x11f47cf00 .part v0x11f4608f0_0, 0, 1;
L_0x11f47cc50 .part v0x11f460cd0_0, 3, 1;
L_0x11f47d190 .part v0x11f4610e0_0, 0, 1;
L_0x11f47d370 .part v0x11f4608f0_0, 1, 1;
L_0x11f47d410 .part v0x11f460cd0_0, 3, 1;
L_0x11f47d600 .part v0x11f4610e0_0, 0, 1;
L_0x11f47d750 .part v0x11f4608f0_0, 2, 1;
L_0x11f47b4e0 .part v0x11f460cd0_0, 3, 1;
L_0x11f47d4b0 .part v0x11f4610e0_0, 0, 1;
L_0x11f47b900 .part v0x11f4608f0_0, 3, 1;
L_0x11f47d9f0 .part v0x11f460cd0_0, 3, 1;
L_0x11f47e110 .part v0x11f4610e0_0, 0, 1;
L_0x11f47e2a0 .part v0x11f4608f0_0, 0, 1;
L_0x11f47df50 .part v0x11f460cd0_0, 0, 1;
L_0x11f47e550 .part v0x11f4610e0_0, 1, 1;
L_0x11f47e430 .part v0x11f4608f0_0, 1, 1;
L_0x11f47e790 .part v0x11f460cd0_0, 0, 1;
L_0x11f47e9e0 .part v0x11f4610e0_0, 1, 1;
L_0x11f47eb00 .part v0x11f4608f0_0, 2, 1;
L_0x11f47e830 .part v0x11f460cd0_0, 0, 1;
L_0x11f47ed60 .part v0x11f4610e0_0, 1, 1;
L_0x11f47ec90 .part v0x11f4608f0_0, 3, 1;
L_0x11f47efd0 .part v0x11f460cd0_0, 0, 1;
L_0x11f47ef10 .part v0x11f4610e0_0, 1, 1;
L_0x11f47f340 .part v0x11f4608f0_0, 0, 1;
L_0x11f47f070 .part v0x11f460cd0_0, 1, 1;
L_0x11f47f5d0 .part v0x11f4610e0_0, 1, 1;
L_0x11f47f4d0 .part v0x11f4608f0_0, 1, 1;
L_0x11f47f870 .part v0x11f460cd0_0, 1, 1;
L_0x11f47f720 .part v0x11f4610e0_0, 1, 1;
L_0x11f47fb60 .part v0x11f4608f0_0, 2, 1;
L_0x11f47f910 .part v0x11f460cd0_0, 1, 1;
L_0x11f47fe20 .part v0x11f4610e0_0, 1, 1;
L_0x11f47fcb0 .part v0x11f4608f0_0, 3, 1;
L_0x11f47fd50 .part v0x11f460cd0_0, 1, 1;
L_0x11f480210 .part v0x11f4610e0_0, 1, 1;
L_0x11f4803a0 .part v0x11f4608f0_0, 0, 1;
L_0x11f47fec0 .part v0x11f460cd0_0, 2, 1;
L_0x11f480690 .part v0x11f4610e0_0, 1, 1;
L_0x11f4804c0 .part v0x11f4608f0_0, 1, 1;
L_0x11f480560 .part v0x11f460cd0_0, 2, 1;
L_0x11f480a40 .part v0x11f4610e0_0, 1, 1;
L_0x11f480bd0 .part v0x11f4608f0_0, 2, 1;
L_0x11f480c70 .part v0x11f460cd0_0, 2, 1;
L_0x11f480e60 .part v0x11f4610e0_0, 1, 1;
L_0x11f480ff0 .part v0x11f4608f0_0, 3, 1;
L_0x11f481090 .part v0x11f460cd0_0, 2, 1;
L_0x11f480860 .part v0x11f4610e0_0, 1, 1;
L_0x11f481410 .part v0x11f4608f0_0, 0, 1;
L_0x11f481130 .part v0x11f460cd0_0, 3, 1;
L_0x11f481300 .part v0x11f4610e0_0, 1, 1;
L_0x11f481860 .part v0x11f4608f0_0, 1, 1;
L_0x11f481900 .part v0x11f460cd0_0, 3, 1;
L_0x11f4815c0 .part v0x11f4610e0_0, 1, 1;
L_0x11f481c70 .part v0x11f4608f0_0, 2, 1;
L_0x11f47d7f0 .part v0x11f460cd0_0, 3, 1;
L_0x11f47db50 .part v0x11f4610e0_0, 1, 1;
L_0x11f481a90 .part v0x11f4608f0_0, 3, 1;
L_0x11f481b30 .part v0x11f460cd0_0, 3, 1;
L_0x11f47dc70 .part v0x11f4610e0_0, 1, 1;
L_0x11f47de00 .part v0x11f4608f0_0, 0, 1;
L_0x11f47dea0 .part v0x11f460cd0_0, 0, 1;
L_0x11f482150 .part v0x11f4610e0_0, 2, 1;
L_0x11f481e00 .part v0x11f4608f0_0, 1, 1;
L_0x11f481ea0 .part v0x11f460cd0_0, 0, 1;
L_0x11f4825a0 .part v0x11f4610e0_0, 2, 1;
L_0x11f482730 .part v0x11f4608f0_0, 2, 1;
L_0x11f4821f0 .part v0x11f460cd0_0, 0, 1;
L_0x11f4823a0 .part v0x11f4610e0_0, 2, 1;
L_0x11f482b60 .part v0x11f4608f0_0, 3, 1;
L_0x11f482c00 .part v0x11f460cd0_0, 0, 1;
L_0x11f4828e0 .part v0x11f4610e0_0, 2, 1;
L_0x11f482a70 .part v0x11f4608f0_0, 0, 1;
L_0x11f483010 .part v0x11f460cd0_0, 1, 1;
L_0x11f4831e0 .part v0x11f4610e0_0, 2, 1;
L_0x11f482d90 .part v0x11f4608f0_0, 1, 1;
L_0x11f482e30 .part v0x11f460cd0_0, 1, 1;
L_0x11f483610 .part v0x11f4610e0_0, 2, 1;
L_0x11f4837a0 .part v0x11f4608f0_0, 2, 1;
L_0x11f483280 .part v0x11f460cd0_0, 1, 1;
L_0x11f483450 .part v0x11f4610e0_0, 2, 1;
L_0x11f483bf0 .part v0x11f4608f0_0, 3, 1;
L_0x11f483c90 .part v0x11f460cd0_0, 1, 1;
L_0x11f483950 .part v0x11f4610e0_0, 2, 1;
L_0x11f483ae0 .part v0x11f4608f0_0, 0, 1;
L_0x11f484100 .part v0x11f460cd0_0, 2, 1;
L_0x11f484260 .part v0x11f4610e0_0, 2, 1;
L_0x11f483e20 .part v0x11f4608f0_0, 1, 1;
L_0x11f483ec0 .part v0x11f460cd0_0, 2, 1;
L_0x11f4846f0 .part v0x11f4610e0_0, 2, 1;
L_0x11f484810 .part v0x11f4608f0_0, 2, 1;
L_0x11f484300 .part v0x11f460cd0_0, 2, 1;
L_0x11f4844d0 .part v0x11f4610e0_0, 2, 1;
L_0x11f4848b0 .part v0x11f4608f0_0, 3, 1;
L_0x11f484950 .part v0x11f460cd0_0, 2, 1;
L_0x11f484a90 .part v0x11f4610e0_0, 2, 1;
L_0x11f484c20 .part v0x11f4608f0_0, 0, 1;
L_0x11f484cc0 .part v0x11f460cd0_0, 3, 1;
L_0x11f484e90 .part v0x11f4610e0_0, 2, 1;
L_0x11f485020 .part v0x11f4608f0_0, 1, 1;
L_0x11f4850c0 .part v0x11f460cd0_0, 3, 1;
L_0x11f485290 .part v0x11f4610e0_0, 2, 1;
L_0x11f485420 .part v0x11f4608f0_0, 2, 1;
L_0x11f4854c0 .part v0x11f460cd0_0, 3, 1;
L_0x11f485690 .part v0x11f4610e0_0, 2, 1;
L_0x11f485820 .part v0x11f4608f0_0, 3, 1;
L_0x11f4858c0 .part v0x11f460cd0_0, 3, 1;
L_0x11f485a90 .part v0x11f4610e0_0, 2, 1;
L_0x11f485c20 .part v0x11f4608f0_0, 0, 1;
L_0x11f485cc0 .part v0x11f460cd0_0, 0, 1;
L_0x11f485e90 .part v0x11f4610e0_0, 3, 1;
L_0x11f486020 .part v0x11f4608f0_0, 1, 1;
L_0x11f4860c0 .part v0x11f460cd0_0, 0, 1;
L_0x11f486290 .part v0x11f4610e0_0, 3, 1;
L_0x11f486420 .part v0x11f4608f0_0, 2, 1;
L_0x11f4864c0 .part v0x11f460cd0_0, 0, 1;
L_0x11f486690 .part v0x11f4610e0_0, 3, 1;
L_0x11f486820 .part v0x11f4608f0_0, 3, 1;
L_0x11f4868c0 .part v0x11f460cd0_0, 0, 1;
L_0x11f486a90 .part v0x11f4610e0_0, 3, 1;
L_0x11f486c20 .part v0x11f4608f0_0, 0, 1;
L_0x11f486cc0 .part v0x11f460cd0_0, 1, 1;
L_0x11f486e90 .part v0x11f4610e0_0, 3, 1;
L_0x11f487020 .part v0x11f4608f0_0, 1, 1;
L_0x11f4870c0 .part v0x11f460cd0_0, 1, 1;
L_0x11f487290 .part v0x11f4610e0_0, 3, 1;
L_0x11f487420 .part v0x11f4608f0_0, 2, 1;
L_0x11f4874c0 .part v0x11f460cd0_0, 1, 1;
L_0x11f487690 .part v0x11f4610e0_0, 3, 1;
L_0x11f487820 .part v0x11f4608f0_0, 3, 1;
L_0x11f4878c0 .part v0x11f460cd0_0, 1, 1;
L_0x11f487a90 .part v0x11f4610e0_0, 3, 1;
L_0x11f487c20 .part v0x11f4608f0_0, 0, 1;
L_0x11f487cc0 .part v0x11f460cd0_0, 2, 1;
L_0x11f487e90 .part v0x11f4610e0_0, 3, 1;
L_0x11f488020 .part v0x11f4608f0_0, 1, 1;
L_0x11f4880c0 .part v0x11f460cd0_0, 2, 1;
L_0x11f488290 .part v0x11f4610e0_0, 3, 1;
L_0x11f488420 .part v0x11f4608f0_0, 2, 1;
L_0x11f4884c0 .part v0x11f460cd0_0, 2, 1;
L_0x11f488690 .part v0x11f4610e0_0, 3, 1;
L_0x11f488820 .part v0x11f4608f0_0, 3, 1;
L_0x11f4888c0 .part v0x11f460cd0_0, 2, 1;
L_0x11f488a90 .part v0x11f4610e0_0, 3, 1;
L_0x11f488c20 .part v0x11f4608f0_0, 0, 1;
L_0x11f488cc0 .part v0x11f460cd0_0, 3, 1;
L_0x11f488e90 .part v0x11f4610e0_0, 3, 1;
L_0x11f489020 .part v0x11f4608f0_0, 1, 1;
L_0x11f4890c0 .part v0x11f460cd0_0, 3, 1;
L_0x11f489290 .part v0x11f4610e0_0, 3, 1;
L_0x11f489440 .part v0x11f4608f0_0, 2, 1;
L_0x11f4894e0 .part v0x11f460cd0_0, 3, 1;
L_0x11f4896b0 .part v0x11f4610e0_0, 3, 1;
LS_0x11f489840_0_0 .concat8 [ 1 1 1 1], L_0x11f479d40, L_0x11f47a170, L_0x11f47a700, L_0x11f47aac0;
LS_0x11f489840_0_4 .concat8 [ 1 1 1 1], L_0x11f47ac70, L_0x11f47b330, L_0x11f47a630, L_0x11f47bd80;
LS_0x11f489840_0_8 .concat8 [ 1 1 1 1], L_0x11f47c280, L_0x11f47c630, L_0x11f47c780, L_0x11f47ce10;
LS_0x11f489840_0_12 .concat8 [ 1 1 1 1], L_0x11f47cfa0, L_0x11f47d6a0, L_0x11f47d550, L_0x11f47e1b0;
LS_0x11f489840_0_16 .concat8 [ 1 1 1 1], L_0x11f47e340, L_0x11f47e700, L_0x11f47eba0, L_0x11f47f250;
LS_0x11f489840_0_20 .concat8 [ 1 1 1 1], L_0x11f47f3e0, L_0x11f47f7c0, L_0x11f47fc00, L_0x11f4802b0;
LS_0x11f489840_0_24 .concat8 [ 1 1 1 1], L_0x11f480090, L_0x11f480ae0, L_0x11f480f00, L_0x11f480900;
LS_0x11f489840_0_28 .concat8 [ 1 1 1 1], L_0x11f481770, L_0x11f481660, L_0x11f4819a0, L_0x11f47dd10;
LS_0x11f489840_0_32 .concat8 [ 1 1 1 1], L_0x11f481d10, L_0x11f482640, L_0x11f482440, L_0x11f482980;
LS_0x11f489840_0_36 .concat8 [ 1 1 1 1], L_0x11f482ca0, L_0x11f4836b0, L_0x11f4834f0, L_0x11f4839f0;
LS_0x11f489840_0_40 .concat8 [ 1 1 1 1], L_0x11f483d30, L_0x11f484090, L_0x11f484570, L_0x11f484b30;
LS_0x11f489840_0_44 .concat8 [ 1 1 1 1], L_0x11f484f30, L_0x11f485330, L_0x11f485730, L_0x11f485b30;
LS_0x11f489840_0_48 .concat8 [ 1 1 1 1], L_0x11f485f30, L_0x11f486330, L_0x11f486730, L_0x11f486b30;
LS_0x11f489840_0_52 .concat8 [ 1 1 1 1], L_0x11f486f30, L_0x11f487330, L_0x11f487730, L_0x11f487b30;
LS_0x11f489840_0_56 .concat8 [ 1 1 1 1], L_0x11f487f30, L_0x11f488330, L_0x11f488730, L_0x11f488b30;
LS_0x11f489840_0_60 .concat8 [ 1 1 1 1], L_0x11f488f30, L_0x11f489330, L_0x11f489750, L_0x11f48ad80;
LS_0x11f489840_1_0 .concat8 [ 4 4 4 4], LS_0x11f489840_0_0, LS_0x11f489840_0_4, LS_0x11f489840_0_8, LS_0x11f489840_0_12;
LS_0x11f489840_1_4 .concat8 [ 4 4 4 4], LS_0x11f489840_0_16, LS_0x11f489840_0_20, LS_0x11f489840_0_24, LS_0x11f489840_0_28;
LS_0x11f489840_1_8 .concat8 [ 4 4 4 4], LS_0x11f489840_0_32, LS_0x11f489840_0_36, LS_0x11f489840_0_40, LS_0x11f489840_0_44;
LS_0x11f489840_1_12 .concat8 [ 4 4 4 4], LS_0x11f489840_0_48, LS_0x11f489840_0_52, LS_0x11f489840_0_56, LS_0x11f489840_0_60;
L_0x11f489840 .concat8 [ 16 16 16 16], LS_0x11f489840_1_0, LS_0x11f489840_1_4, LS_0x11f489840_1_8, LS_0x11f489840_1_12;
L_0x11f48aab0 .part v0x11f4608f0_0, 3, 1;
L_0x11f48ab50 .part v0x11f460cd0_0, 3, 1;
L_0x11f48ace0 .part v0x11f4610e0_0, 3, 1;
L_0x11f48aeb0 .part o0x11000be50, 0, 2;
L_0x11f48af50 .part o0x11000be50, 2, 2;
L_0x11f48b030 .part o0x11000be50, 4, 2;
S_0x11f450e20 .scope module, "decoder4_u1" "decoder4" 2 8, 2 21 0, S_0x11f450cb0;
 .timescale 0 0;
    .port_info 0 /INPUT 2 "a";
    .port_info 1 /OUTPUT 4 "y";
v0x11f40b800_0 .net "a", 1 0, L_0x11f48aeb0;  1 drivers
v0x11f4608f0_0 .var "y", 3 0;
E_0x11f416940 .event anyedge, v0x11f40b800_0;
S_0x11f4609b0 .scope module, "decoder4_u2" "decoder4" 2 9, 2 21 0, S_0x11f450cb0;
 .timescale 0 0;
    .port_info 0 /INPUT 2 "a";
    .port_info 1 /OUTPUT 4 "y";
v0x11f460c10_0 .net "a", 1 0, L_0x11f48af50;  1 drivers
v0x11f460cd0_0 .var "y", 3 0;
E_0x11f460bb0 .event anyedge, v0x11f460c10_0;
S_0x11f460db0 .scope module, "decoder4_u3" "decoder4" 2 10, 2 21 0, S_0x11f450cb0;
 .timescale 0 0;
    .port_info 0 /INPUT 2 "a";
    .port_info 1 /OUTPUT 4 "y";
v0x11f461020_0 .net "a", 1 0, L_0x11f48b030;  1 drivers
v0x11f4610e0_0 .var "y", 3 0;
E_0x11f460fd0 .event anyedge, v0x11f461020_0;
S_0x11f4611c0 .scope generate, "gen_decoder[0]" "gen_decoder[0]" 2 15, 2 15 0, S_0x11f450cb0;
 .timescale 0 0;
P_0x11f461380 .param/l "i" 1 2 15, +C4<00>;
L_0x11f479b50 .functor AND 1, L_0x11f479990, L_0x11f479a70, C4<1>, C4<1>;
L_0x11f479d40 .functor AND 1, L_0x11f479b50, L_0x11f479c60, C4<1>, C4<1>;
v0x11f461420_0 .net *"_ivl_0", 0 0, L_0x11f479990;  1 drivers
v0x11f4614d0_0 .net *"_ivl_1", 0 0, L_0x11f479a70;  1 drivers
v0x11f461580_0 .net *"_ivl_2", 0 0, L_0x11f479b50;  1 drivers
v0x11f461640_0 .net *"_ivl_4", 0 0, L_0x11f479c60;  1 drivers
v0x11f4616f0_0 .net *"_ivl_5", 0 0, L_0x11f479d40;  1 drivers
S_0x11f4617e0 .scope generate, "gen_decoder[1]" "gen_decoder[1]" 2 15, 2 15 0, S_0x11f450cb0;
 .timescale 0 0;
P_0x11f4619f0 .param/l "i" 1 2 15, +C4<01>;
L_0x11f479fc0 .functor AND 1, L_0x11f479e50, L_0x11f479ef0, C4<1>, C4<1>;
L_0x11f47a170 .functor AND 1, L_0x11f479fc0, L_0x11f47a0d0, C4<1>, C4<1>;
v0x11f461a70_0 .net *"_ivl_0", 0 0, L_0x11f479e50;  1 drivers
v0x11f461b00_0 .net *"_ivl_1", 0 0, L_0x11f479ef0;  1 drivers
v0x11f461bb0_0 .net *"_ivl_2", 0 0, L_0x11f479fc0;  1 drivers
v0x11f461c70_0 .net *"_ivl_4", 0 0, L_0x11f47a0d0;  1 drivers
v0x11f461d20_0 .net *"_ivl_5", 0 0, L_0x11f47a170;  1 drivers
S_0x11f461e10 .scope generate, "gen_decoder[2]" "gen_decoder[2]" 2 15, 2 15 0, S_0x11f450cb0;
 .timescale 0 0;
P_0x11f461fe0 .param/l "i" 1 2 15, +C4<010>;
L_0x11f47a4c0 .functor AND 1, L_0x11f47a280, L_0x11f47a3a0, C4<1>, C4<1>;
L_0x11f47a700 .functor AND 1, L_0x11f47a4c0, L_0x11f47a590, C4<1>, C4<1>;
v0x11f462080_0 .net *"_ivl_0", 0 0, L_0x11f47a280;  1 drivers
v0x11f462110_0 .net *"_ivl_1", 0 0, L_0x11f47a3a0;  1 drivers
v0x11f4621c0_0 .net *"_ivl_2", 0 0, L_0x11f47a4c0;  1 drivers
v0x11f462280_0 .net *"_ivl_4", 0 0, L_0x11f47a590;  1 drivers
v0x11f462330_0 .net *"_ivl_5", 0 0, L_0x11f47a700;  1 drivers
S_0x11f462420 .scope generate, "gen_decoder[3]" "gen_decoder[3]" 2 15, 2 15 0, S_0x11f450cb0;
 .timescale 0 0;
P_0x11f4625f0 .param/l "i" 1 2 15, +C4<011>;
L_0x11f47a950 .functor AND 1, L_0x11f47a7b0, L_0x11f47a850, C4<1>, C4<1>;
L_0x11f47aac0 .functor AND 1, L_0x11f47a950, L_0x11f47aa20, C4<1>, C4<1>;
v0x11f462690_0 .net *"_ivl_0", 0 0, L_0x11f47a7b0;  1 drivers
v0x11f462720_0 .net *"_ivl_1", 0 0, L_0x11f47a850;  1 drivers
v0x11f4627d0_0 .net *"_ivl_2", 0 0, L_0x11f47a950;  1 drivers
v0x11f462890_0 .net *"_ivl_4", 0 0, L_0x11f47aa20;  1 drivers
v0x11f462940_0 .net *"_ivl_5", 0 0, L_0x11f47aac0;  1 drivers
S_0x11f462a30 .scope generate, "gen_decoder[4]" "gen_decoder[4]" 2 15, 2 15 0, S_0x11f450cb0;
 .timescale 0 0;
P_0x11f462c00 .param/l "i" 1 2 15, +C4<0100>;
L_0x11f47ad80 .functor AND 1, L_0x11f47abd0, L_0x11f47ace0, C4<1>, C4<1>;
L_0x11f47ac70 .functor AND 1, L_0x11f47ad80, L_0x11f47ae70, C4<1>, C4<1>;
v0x11f462ca0_0 .net *"_ivl_0", 0 0, L_0x11f47abd0;  1 drivers
v0x11f462d30_0 .net *"_ivl_1", 0 0, L_0x11f47ace0;  1 drivers
v0x11f462de0_0 .net *"_ivl_2", 0 0, L_0x11f47ad80;  1 drivers
v0x11f462ea0_0 .net *"_ivl_4", 0 0, L_0x11f47ae70;  1 drivers
v0x11f462f50_0 .net *"_ivl_5", 0 0, L_0x11f47ac70;  1 drivers
S_0x11f463040 .scope generate, "gen_decoder[5]" "gen_decoder[5]" 2 15, 2 15 0, S_0x11f450cb0;
 .timescale 0 0;
P_0x11f4619b0 .param/l "i" 1 2 15, +C4<0101>;
L_0x11f47b1e0 .functor AND 1, L_0x11f47b010, L_0x11f47b0b0, C4<1>, C4<1>;
L_0x11f47b330 .functor AND 1, L_0x11f47b1e0, L_0x11f47b290, C4<1>, C4<1>;
v0x11f4632d0_0 .net *"_ivl_0", 0 0, L_0x11f47b010;  1 drivers
v0x11f463380_0 .net *"_ivl_1", 0 0, L_0x11f47b0b0;  1 drivers
v0x11f463430_0 .net *"_ivl_2", 0 0, L_0x11f47b1e0;  1 drivers
v0x11f4634f0_0 .net *"_ivl_4", 0 0, L_0x11f47b290;  1 drivers
v0x11f4635a0_0 .net *"_ivl_5", 0 0, L_0x11f47b330;  1 drivers
S_0x11f463690 .scope generate, "gen_decoder[6]" "gen_decoder[6]" 2 15, 2 15 0, S_0x11f450cb0;
 .timescale 0 0;
P_0x11f463860 .param/l "i" 1 2 15, +C4<0110>;
L_0x11f47a320 .functor AND 1, L_0x11f47b440, L_0x11f47b680, C4<1>, C4<1>;
L_0x11f47a630 .functor AND 1, L_0x11f47a320, L_0x11f47b820, C4<1>, C4<1>;
v0x11f463900_0 .net *"_ivl_0", 0 0, L_0x11f47b440;  1 drivers
v0x11f463990_0 .net *"_ivl_1", 0 0, L_0x11f47b680;  1 drivers
v0x11f463a40_0 .net *"_ivl_2", 0 0, L_0x11f47a320;  1 drivers
v0x11f463b00_0 .net *"_ivl_4", 0 0, L_0x11f47b820;  1 drivers
v0x11f463bb0_0 .net *"_ivl_5", 0 0, L_0x11f47a630;  1 drivers
S_0x11f463ca0 .scope generate, "gen_decoder[7]" "gen_decoder[7]" 2 15, 2 15 0, S_0x11f450cb0;
 .timescale 0 0;
P_0x11f463e70 .param/l "i" 1 2 15, +C4<0111>;
L_0x11f47bc70 .functor AND 1, L_0x11f47ba70, L_0x11f47bb10, C4<1>, C4<1>;
L_0x11f47bd80 .functor AND 1, L_0x11f47bc70, L_0x11f47bce0, C4<1>, C4<1>;
v0x11f463f10_0 .net *"_ivl_0", 0 0, L_0x11f47ba70;  1 drivers
v0x11f463fa0_0 .net *"_ivl_1", 0 0, L_0x11f47bb10;  1 drivers
v0x11f464050_0 .net *"_ivl_2", 0 0, L_0x11f47bc70;  1 drivers
v0x11f464110_0 .net *"_ivl_4", 0 0, L_0x11f47bce0;  1 drivers
v0x11f4641c0_0 .net *"_ivl_5", 0 0, L_0x11f47bd80;  1 drivers
S_0x11f4642b0 .scope generate, "gen_decoder[8]" "gen_decoder[8]" 2 15, 2 15 0, S_0x11f450cb0;
 .timescale 0 0;
P_0x11f464480 .param/l "i" 1 2 15, +C4<01000>;
L_0x11f47bbb0 .functor AND 1, L_0x11f47be70, L_0x11f47bfe0, C4<1>, C4<1>;
L_0x11f47c280 .functor AND 1, L_0x11f47bbb0, L_0x11f47c100, C4<1>, C4<1>;
v0x11f464510_0 .net *"_ivl_0", 0 0, L_0x11f47be70;  1 drivers
v0x11f4645d0_0 .net *"_ivl_1", 0 0, L_0x11f47bfe0;  1 drivers
v0x11f464670_0 .net *"_ivl_2", 0 0, L_0x11f47bbb0;  1 drivers
v0x11f464720_0 .net *"_ivl_4", 0 0, L_0x11f47c100;  1 drivers
v0x11f4647d0_0 .net *"_ivl_5", 0 0, L_0x11f47c280;  1 drivers
S_0x11f4648c0 .scope generate, "gen_decoder[9]" "gen_decoder[9]" 2 15, 2 15 0, S_0x11f450cb0;
 .timescale 0 0;
P_0x11f464a90 .param/l "i" 1 2 15, +C4<01001>;
L_0x11f47c520 .functor AND 1, L_0x11f47c2f0, L_0x11f47c390, C4<1>, C4<1>;
L_0x11f47c630 .functor AND 1, L_0x11f47c520, L_0x11f47c590, C4<1>, C4<1>;
v0x11f464b20_0 .net *"_ivl_0", 0 0, L_0x11f47c2f0;  1 drivers
v0x11f464be0_0 .net *"_ivl_1", 0 0, L_0x11f47c390;  1 drivers
v0x11f464c80_0 .net *"_ivl_2", 0 0, L_0x11f47c520;  1 drivers
v0x11f464d30_0 .net *"_ivl_4", 0 0, L_0x11f47c590;  1 drivers
v0x11f464de0_0 .net *"_ivl_5", 0 0, L_0x11f47c630;  1 drivers
S_0x11f464ed0 .scope generate, "gen_decoder[10]" "gen_decoder[10]" 2 15, 2 15 0, S_0x11f450cb0;
 .timescale 0 0;
P_0x11f4650a0 .param/l "i" 1 2 15, +C4<01010>;
L_0x11f47c430 .functor AND 1, L_0x11f47c6e0, L_0x11f47c880, C4<1>, C4<1>;
L_0x11f47c780 .functor AND 1, L_0x11f47c430, L_0x11f47c960, C4<1>, C4<1>;
v0x11f465130_0 .net *"_ivl_0", 0 0, L_0x11f47c6e0;  1 drivers
v0x11f4651f0_0 .net *"_ivl_1", 0 0, L_0x11f47c880;  1 drivers
v0x11f465290_0 .net *"_ivl_2", 0 0, L_0x11f47c430;  1 drivers
v0x11f465340_0 .net *"_ivl_4", 0 0, L_0x11f47c960;  1 drivers
v0x11f4653f0_0 .net *"_ivl_5", 0 0, L_0x11f47c780;  1 drivers
S_0x11f4654e0 .scope generate, "gen_decoder[11]" "gen_decoder[11]" 2 15, 2 15 0, S_0x11f450cb0;
 .timescale 0 0;
P_0x11f4656b0 .param/l "i" 1 2 15, +C4<01011>;
L_0x11f47ca00 .functor AND 1, L_0x11f47cb10, L_0x11f47cbb0, C4<1>, C4<1>;
L_0x11f47ce10 .functor AND 1, L_0x11f47ca00, L_0x11f47cd70, C4<1>, C4<1>;
v0x11f465740_0 .net *"_ivl_0", 0 0, L_0x11f47cb10;  1 drivers
v0x11f465800_0 .net *"_ivl_1", 0 0, L_0x11f47cbb0;  1 drivers
v0x11f4658a0_0 .net *"_ivl_2", 0 0, L_0x11f47ca00;  1 drivers
v0x11f465950_0 .net *"_ivl_4", 0 0, L_0x11f47cd70;  1 drivers
v0x11f465a00_0 .net *"_ivl_5", 0 0, L_0x11f47ce10;  1 drivers
S_0x11f465af0 .scope generate, "gen_decoder[12]" "gen_decoder[12]" 2 15, 2 15 0, S_0x11f450cb0;
 .timescale 0 0;
P_0x11f465cc0 .param/l "i" 1 2 15, +C4<01100>;
L_0x11f47ccf0 .functor AND 1, L_0x11f47cf00, L_0x11f47cc50, C4<1>, C4<1>;
L_0x11f47cfa0 .functor AND 1, L_0x11f47ccf0, L_0x11f47d190, C4<1>, C4<1>;
v0x11f465d50_0 .net *"_ivl_0", 0 0, L_0x11f47cf00;  1 drivers
v0x11f465e10_0 .net *"_ivl_1", 0 0, L_0x11f47cc50;  1 drivers
v0x11f465eb0_0 .net *"_ivl_2", 0 0, L_0x11f47ccf0;  1 drivers
v0x11f465f60_0 .net *"_ivl_4", 0 0, L_0x11f47d190;  1 drivers
v0x11f466010_0 .net *"_ivl_5", 0 0, L_0x11f47cfa0;  1 drivers
S_0x11f466100 .scope generate, "gen_decoder[13]" "gen_decoder[13]" 2 15, 2 15 0, S_0x11f450cb0;
 .timescale 0 0;
P_0x11f4663d0 .param/l "i" 1 2 15, +C4<01101>;
L_0x11f47d230 .functor AND 1, L_0x11f47d370, L_0x11f47d410, C4<1>, C4<1>;
L_0x11f47d6a0 .functor AND 1, L_0x11f47d230, L_0x11f47d600, C4<1>, C4<1>;
v0x11f466460_0 .net *"_ivl_0", 0 0, L_0x11f47d370;  1 drivers
v0x11f4664f0_0 .net *"_ivl_1", 0 0, L_0x11f47d410;  1 drivers
v0x11f466580_0 .net *"_ivl_2", 0 0, L_0x11f47d230;  1 drivers
v0x11f466610_0 .net *"_ivl_4", 0 0, L_0x11f47d600;  1 drivers
v0x11f4666a0_0 .net *"_ivl_5", 0 0, L_0x11f47d6a0;  1 drivers
S_0x11f466790 .scope generate, "gen_decoder[14]" "gen_decoder[14]" 2 15, 2 15 0, S_0x11f450cb0;
 .timescale 0 0;
P_0x11f466960 .param/l "i" 1 2 15, +C4<01110>;
L_0x11f47b720 .functor AND 1, L_0x11f47d750, L_0x11f47b4e0, C4<1>, C4<1>;
L_0x11f47d550 .functor AND 1, L_0x11f47b720, L_0x11f47d4b0, C4<1>, C4<1>;
v0x11f4669f0_0 .net *"_ivl_0", 0 0, L_0x11f47d750;  1 drivers
v0x11f466ab0_0 .net *"_ivl_1", 0 0, L_0x11f47b4e0;  1 drivers
v0x11f466b50_0 .net *"_ivl_2", 0 0, L_0x11f47b720;  1 drivers
v0x11f466c00_0 .net *"_ivl_4", 0 0, L_0x11f47d4b0;  1 drivers
v0x11f466cb0_0 .net *"_ivl_5", 0 0, L_0x11f47d550;  1 drivers
S_0x11f466da0 .scope generate, "gen_decoder[15]" "gen_decoder[15]" 2 15, 2 15 0, S_0x11f450cb0;
 .timescale 0 0;
P_0x11f466f70 .param/l "i" 1 2 15, +C4<01111>;
L_0x11f47da90 .functor AND 1, L_0x11f47b900, L_0x11f47d9f0, C4<1>, C4<1>;
L_0x11f47e1b0 .functor AND 1, L_0x11f47da90, L_0x11f47e110, C4<1>, C4<1>;
v0x11f467000_0 .net *"_ivl_0", 0 0, L_0x11f47b900;  1 drivers
v0x11f4670c0_0 .net *"_ivl_1", 0 0, L_0x11f47d9f0;  1 drivers
v0x11f467160_0 .net *"_ivl_2", 0 0, L_0x11f47da90;  1 drivers
v0x11f467210_0 .net *"_ivl_4", 0 0, L_0x11f47e110;  1 drivers
v0x11f4672c0_0 .net *"_ivl_5", 0 0, L_0x11f47e1b0;  1 drivers
S_0x11f4673b0 .scope generate, "gen_decoder[16]" "gen_decoder[16]" 2 15, 2 15 0, S_0x11f450cb0;
 .timescale 0 0;
P_0x11f467580 .param/l "i" 1 2 15, +C4<010000>;
L_0x11f47dff0 .functor AND 1, L_0x11f47e2a0, L_0x11f47df50, C4<1>, C4<1>;
L_0x11f47e340 .functor AND 1, L_0x11f47dff0, L_0x11f47e550, C4<1>, C4<1>;
v0x11f467610_0 .net *"_ivl_0", 0 0, L_0x11f47e2a0;  1 drivers
v0x11f4676d0_0 .net *"_ivl_1", 0 0, L_0x11f47df50;  1 drivers
v0x11f467770_0 .net *"_ivl_2", 0 0, L_0x11f47dff0;  1 drivers
v0x11f467820_0 .net *"_ivl_4", 0 0, L_0x11f47e550;  1 drivers
v0x11f4678d0_0 .net *"_ivl_5", 0 0, L_0x11f47e340;  1 drivers
S_0x11f4679c0 .scope generate, "gen_decoder[17]" "gen_decoder[17]" 2 15, 2 15 0, S_0x11f450cb0;
 .timescale 0 0;
P_0x11f467b90 .param/l "i" 1 2 15, +C4<010001>;
L_0x11f47e5f0 .functor AND 1, L_0x11f47e430, L_0x11f47e790, C4<1>, C4<1>;
L_0x11f47e700 .functor AND 1, L_0x11f47e5f0, L_0x11f47e9e0, C4<1>, C4<1>;
v0x11f467c20_0 .net *"_ivl_0", 0 0, L_0x11f47e430;  1 drivers
v0x11f467ce0_0 .net *"_ivl_1", 0 0, L_0x11f47e790;  1 drivers
v0x11f467d80_0 .net *"_ivl_2", 0 0, L_0x11f47e5f0;  1 drivers
v0x11f467e30_0 .net *"_ivl_4", 0 0, L_0x11f47e9e0;  1 drivers
v0x11f467ee0_0 .net *"_ivl_5", 0 0, L_0x11f47e700;  1 drivers
S_0x11f467fd0 .scope generate, "gen_decoder[18]" "gen_decoder[18]" 2 15, 2 15 0, S_0x11f450cb0;
 .timescale 0 0;
P_0x11f4681a0 .param/l "i" 1 2 15, +C4<010010>;
L_0x11f47e8d0 .functor AND 1, L_0x11f47eb00, L_0x11f47e830, C4<1>, C4<1>;
L_0x11f47eba0 .functor AND 1, L_0x11f47e8d0, L_0x11f47ed60, C4<1>, C4<1>;
v0x11f468230_0 .net *"_ivl_0", 0 0, L_0x11f47eb00;  1 drivers
v0x11f4682f0_0 .net *"_ivl_1", 0 0, L_0x11f47e830;  1 drivers
v0x11f468390_0 .net *"_ivl_2", 0 0, L_0x11f47e8d0;  1 drivers
v0x11f468440_0 .net *"_ivl_4", 0 0, L_0x11f47ed60;  1 drivers
v0x11f4684f0_0 .net *"_ivl_5", 0 0, L_0x11f47eba0;  1 drivers
S_0x11f4685e0 .scope generate, "gen_decoder[19]" "gen_decoder[19]" 2 15, 2 15 0, S_0x11f450cb0;
 .timescale 0 0;
P_0x11f4687b0 .param/l "i" 1 2 15, +C4<010011>;
L_0x11f47ee00 .functor AND 1, L_0x11f47ec90, L_0x11f47efd0, C4<1>, C4<1>;
L_0x11f47f250 .functor AND 1, L_0x11f47ee00, L_0x11f47ef10, C4<1>, C4<1>;
v0x11f468840_0 .net *"_ivl_0", 0 0, L_0x11f47ec90;  1 drivers
v0x11f468900_0 .net *"_ivl_1", 0 0, L_0x11f47efd0;  1 drivers
v0x11f4689a0_0 .net *"_ivl_2", 0 0, L_0x11f47ee00;  1 drivers
v0x11f468a50_0 .net *"_ivl_4", 0 0, L_0x11f47ef10;  1 drivers
v0x11f468b00_0 .net *"_ivl_5", 0 0, L_0x11f47f250;  1 drivers
S_0x11f468bf0 .scope generate, "gen_decoder[20]" "gen_decoder[20]" 2 15, 2 15 0, S_0x11f450cb0;
 .timescale 0 0;
P_0x11f468dc0 .param/l "i" 1 2 15, +C4<010100>;
L_0x11f47f110 .functor AND 1, L_0x11f47f340, L_0x11f47f070, C4<1>, C4<1>;
L_0x11f47f3e0 .functor AND 1, L_0x11f47f110, L_0x11f47f5d0, C4<1>, C4<1>;
v0x11f468e50_0 .net *"_ivl_0", 0 0, L_0x11f47f340;  1 drivers
v0x11f468f10_0 .net *"_ivl_1", 0 0, L_0x11f47f070;  1 drivers
v0x11f468fb0_0 .net *"_ivl_2", 0 0, L_0x11f47f110;  1 drivers
v0x11f469060_0 .net *"_ivl_4", 0 0, L_0x11f47f5d0;  1 drivers
v0x11f469110_0 .net *"_ivl_5", 0 0, L_0x11f47f3e0;  1 drivers
S_0x11f469200 .scope generate, "gen_decoder[21]" "gen_decoder[21]" 2 15, 2 15 0, S_0x11f450cb0;
 .timescale 0 0;
P_0x11f4693d0 .param/l "i" 1 2 15, +C4<010101>;
L_0x11f47f670 .functor AND 1, L_0x11f47f4d0, L_0x11f47f870, C4<1>, C4<1>;
L_0x11f47f7c0 .functor AND 1, L_0x11f47f670, L_0x11f47f720, C4<1>, C4<1>;
v0x11f469460_0 .net *"_ivl_0", 0 0, L_0x11f47f4d0;  1 drivers
v0x11f469520_0 .net *"_ivl_1", 0 0, L_0x11f47f870;  1 drivers
v0x11f4695c0_0 .net *"_ivl_2", 0 0, L_0x11f47f670;  1 drivers
v0x11f469670_0 .net *"_ivl_4", 0 0, L_0x11f47f720;  1 drivers
v0x11f469720_0 .net *"_ivl_5", 0 0, L_0x11f47f7c0;  1 drivers
S_0x11f469810 .scope generate, "gen_decoder[22]" "gen_decoder[22]" 2 15, 2 15 0, S_0x11f450cb0;
 .timescale 0 0;
P_0x11f4699e0 .param/l "i" 1 2 15, +C4<010110>;
L_0x11f47f9b0 .functor AND 1, L_0x11f47fb60, L_0x11f47f910, C4<1>, C4<1>;
L_0x11f47fc00 .functor AND 1, L_0x11f47f9b0, L_0x11f47fe20, C4<1>, C4<1>;
v0x11f469a70_0 .net *"_ivl_0", 0 0, L_0x11f47fb60;  1 drivers
v0x11f469b30_0 .net *"_ivl_1", 0 0, L_0x11f47f910;  1 drivers
v0x11f469bd0_0 .net *"_ivl_2", 0 0, L_0x11f47f9b0;  1 drivers
v0x11f469c80_0 .net *"_ivl_4", 0 0, L_0x11f47fe20;  1 drivers
v0x11f469d30_0 .net *"_ivl_5", 0 0, L_0x11f47fc00;  1 drivers
S_0x11f469e20 .scope generate, "gen_decoder[23]" "gen_decoder[23]" 2 15, 2 15 0, S_0x11f450cb0;
 .timescale 0 0;
P_0x11f469ff0 .param/l "i" 1 2 15, +C4<010111>;
L_0x11f480100 .functor AND 1, L_0x11f47fcb0, L_0x11f47fd50, C4<1>, C4<1>;
L_0x11f4802b0 .functor AND 1, L_0x11f480100, L_0x11f480210, C4<1>, C4<1>;
v0x11f46a080_0 .net *"_ivl_0", 0 0, L_0x11f47fcb0;  1 drivers
v0x11f46a140_0 .net *"_ivl_1", 0 0, L_0x11f47fd50;  1 drivers
v0x11f46a1e0_0 .net *"_ivl_2", 0 0, L_0x11f480100;  1 drivers
v0x11f46a290_0 .net *"_ivl_4", 0 0, L_0x11f480210;  1 drivers
v0x11f46a340_0 .net *"_ivl_5", 0 0, L_0x11f4802b0;  1 drivers
S_0x11f46a430 .scope generate, "gen_decoder[24]" "gen_decoder[24]" 2 15, 2 15 0, S_0x11f450cb0;
 .timescale 0 0;
P_0x11f46a600 .param/l "i" 1 2 15, +C4<011000>;
L_0x11f47ff60 .functor AND 1, L_0x11f4803a0, L_0x11f47fec0, C4<1>, C4<1>;
L_0x11f480090 .functor AND 1, L_0x11f47ff60, L_0x11f480690, C4<1>, C4<1>;
v0x11f46a690_0 .net *"_ivl_0", 0 0, L_0x11f4803a0;  1 drivers
v0x11f46a750_0 .net *"_ivl_1", 0 0, L_0x11f47fec0;  1 drivers
v0x11f46a7f0_0 .net *"_ivl_2", 0 0, L_0x11f47ff60;  1 drivers
v0x11f46a8a0_0 .net *"_ivl_4", 0 0, L_0x11f480690;  1 drivers
v0x11f46a950_0 .net *"_ivl_5", 0 0, L_0x11f480090;  1 drivers
S_0x11f46aa40 .scope generate, "gen_decoder[25]" "gen_decoder[25]" 2 15, 2 15 0, S_0x11f450cb0;
 .timescale 0 0;
P_0x11f46ac10 .param/l "i" 1 2 15, +C4<011001>;
L_0x11f480600 .functor AND 1, L_0x11f4804c0, L_0x11f480560, C4<1>, C4<1>;
L_0x11f480ae0 .functor AND 1, L_0x11f480600, L_0x11f480a40, C4<1>, C4<1>;
v0x11f46aca0_0 .net *"_ivl_0", 0 0, L_0x11f4804c0;  1 drivers
v0x11f46ad60_0 .net *"_ivl_1", 0 0, L_0x11f480560;  1 drivers
v0x11f46ae00_0 .net *"_ivl_2", 0 0, L_0x11f480600;  1 drivers
v0x11f46aeb0_0 .net *"_ivl_4", 0 0, L_0x11f480a40;  1 drivers
v0x11f46af60_0 .net *"_ivl_5", 0 0, L_0x11f480ae0;  1 drivers
S_0x11f46b050 .scope generate, "gen_decoder[26]" "gen_decoder[26]" 2 15, 2 15 0, S_0x11f450cb0;
 .timescale 0 0;
P_0x11f46b220 .param/l "i" 1 2 15, +C4<011010>;
L_0x11f480d30 .functor AND 1, L_0x11f480bd0, L_0x11f480c70, C4<1>, C4<1>;
L_0x11f480f00 .functor AND 1, L_0x11f480d30, L_0x11f480e60, C4<1>, C4<1>;
v0x11f46b2b0_0 .net *"_ivl_0", 0 0, L_0x11f480bd0;  1 drivers
v0x11f46b370_0 .net *"_ivl_1", 0 0, L_0x11f480c70;  1 drivers
v0x11f46b410_0 .net *"_ivl_2", 0 0, L_0x11f480d30;  1 drivers
v0x11f46b4c0_0 .net *"_ivl_4", 0 0, L_0x11f480e60;  1 drivers
v0x11f46b570_0 .net *"_ivl_5", 0 0, L_0x11f480f00;  1 drivers
S_0x11f46b660 .scope generate, "gen_decoder[27]" "gen_decoder[27]" 2 15, 2 15 0, S_0x11f450cb0;
 .timescale 0 0;
P_0x11f46b830 .param/l "i" 1 2 15, +C4<011011>;
L_0x11f480730 .functor AND 1, L_0x11f480ff0, L_0x11f481090, C4<1>, C4<1>;
L_0x11f480900 .functor AND 1, L_0x11f480730, L_0x11f480860, C4<1>, C4<1>;
v0x11f46b8c0_0 .net *"_ivl_0", 0 0, L_0x11f480ff0;  1 drivers
v0x11f46b980_0 .net *"_ivl_1", 0 0, L_0x11f481090;  1 drivers
v0x11f46ba20_0 .net *"_ivl_2", 0 0, L_0x11f480730;  1 drivers
v0x11f46bad0_0 .net *"_ivl_4", 0 0, L_0x11f480860;  1 drivers
v0x11f46bb80_0 .net *"_ivl_5", 0 0, L_0x11f480900;  1 drivers
S_0x11f46bc70 .scope generate, "gen_decoder[28]" "gen_decoder[28]" 2 15, 2 15 0, S_0x11f450cb0;
 .timescale 0 0;
P_0x11f46be40 .param/l "i" 1 2 15, +C4<011100>;
L_0x11f4811d0 .functor AND 1, L_0x11f481410, L_0x11f481130, C4<1>, C4<1>;
L_0x11f481770 .functor AND 1, L_0x11f4811d0, L_0x11f481300, C4<1>, C4<1>;
v0x11f46bed0_0 .net *"_ivl_0", 0 0, L_0x11f481410;  1 drivers
v0x11f46bf90_0 .net *"_ivl_1", 0 0, L_0x11f481130;  1 drivers
v0x11f46c030_0 .net *"_ivl_2", 0 0, L_0x11f4811d0;  1 drivers
v0x11f46c0e0_0 .net *"_ivl_4", 0 0, L_0x11f481300;  1 drivers
v0x11f46c190_0 .net *"_ivl_5", 0 0, L_0x11f481770;  1 drivers
S_0x11f46c280 .scope generate, "gen_decoder[29]" "gen_decoder[29]" 2 15, 2 15 0, S_0x11f450cb0;
 .timescale 0 0;
P_0x11f4662d0 .param/l "i" 1 2 15, +C4<011101>;
L_0x11f4814b0 .functor AND 1, L_0x11f481860, L_0x11f481900, C4<1>, C4<1>;
L_0x11f481660 .functor AND 1, L_0x11f4814b0, L_0x11f4815c0, C4<1>, C4<1>;
v0x11f46c650_0 .net *"_ivl_0", 0 0, L_0x11f481860;  1 drivers
v0x11f46c6e0_0 .net *"_ivl_1", 0 0, L_0x11f481900;  1 drivers
v0x11f46c770_0 .net *"_ivl_2", 0 0, L_0x11f4814b0;  1 drivers
v0x11f46c800_0 .net *"_ivl_4", 0 0, L_0x11f4815c0;  1 drivers
v0x11f46c8a0_0 .net *"_ivl_5", 0 0, L_0x11f481660;  1 drivers
S_0x11f46c990 .scope generate, "gen_decoder[30]" "gen_decoder[30]" 2 15, 2 15 0, S_0x11f450cb0;
 .timescale 0 0;
P_0x11f46cb60 .param/l "i" 1 2 15, +C4<011110>;
L_0x11f47d890 .functor AND 1, L_0x11f481c70, L_0x11f47d7f0, C4<1>, C4<1>;
L_0x11f4819a0 .functor AND 1, L_0x11f47d890, L_0x11f47db50, C4<1>, C4<1>;
v0x11f46cbf0_0 .net *"_ivl_0", 0 0, L_0x11f481c70;  1 drivers
v0x11f46ccb0_0 .net *"_ivl_1", 0 0, L_0x11f47d7f0;  1 drivers
v0x11f46cd50_0 .net *"_ivl_2", 0 0, L_0x11f47d890;  1 drivers
v0x11f46ce00_0 .net *"_ivl_4", 0 0, L_0x11f47db50;  1 drivers
v0x11f46ceb0_0 .net *"_ivl_5", 0 0, L_0x11f4819a0;  1 drivers
S_0x11f46cfa0 .scope generate, "gen_decoder[31]" "gen_decoder[31]" 2 15, 2 15 0, S_0x11f450cb0;
 .timescale 0 0;
P_0x11f46d170 .param/l "i" 1 2 15, +C4<011111>;
L_0x11f481bd0 .functor AND 1, L_0x11f481a90, L_0x11f481b30, C4<1>, C4<1>;
L_0x11f47dd10 .functor AND 1, L_0x11f481bd0, L_0x11f47dc70, C4<1>, C4<1>;
v0x11f46d200_0 .net *"_ivl_0", 0 0, L_0x11f481a90;  1 drivers
v0x11f46d2c0_0 .net *"_ivl_1", 0 0, L_0x11f481b30;  1 drivers
v0x11f46d360_0 .net *"_ivl_2", 0 0, L_0x11f481bd0;  1 drivers
v0x11f46d410_0 .net *"_ivl_4", 0 0, L_0x11f47dc70;  1 drivers
v0x11f46d4c0_0 .net *"_ivl_5", 0 0, L_0x11f47dd10;  1 drivers
S_0x11f46d5b0 .scope generate, "gen_decoder[32]" "gen_decoder[32]" 2 15, 2 15 0, S_0x11f450cb0;
 .timescale 0 0;
P_0x11f46d780 .param/l "i" 1 2 15, +C4<0100000>;
L_0x11f482020 .functor AND 1, L_0x11f47de00, L_0x11f47dea0, C4<1>, C4<1>;
L_0x11f481d10 .functor AND 1, L_0x11f482020, L_0x11f482150, C4<1>, C4<1>;
v0x11f46d810_0 .net *"_ivl_0", 0 0, L_0x11f47de00;  1 drivers
v0x11f46d8d0_0 .net *"_ivl_1", 0 0, L_0x11f47dea0;  1 drivers
v0x11f46d970_0 .net *"_ivl_2", 0 0, L_0x11f482020;  1 drivers
v0x11f46da20_0 .net *"_ivl_4", 0 0, L_0x11f482150;  1 drivers
v0x11f46dad0_0 .net *"_ivl_5", 0 0, L_0x11f481d10;  1 drivers
S_0x11f46dbc0 .scope generate, "gen_decoder[33]" "gen_decoder[33]" 2 15, 2 15 0, S_0x11f450cb0;
 .timescale 0 0;
P_0x11f46dd90 .param/l "i" 1 2 15, +C4<0100001>;
L_0x11f481f40 .functor AND 1, L_0x11f481e00, L_0x11f481ea0, C4<1>, C4<1>;
L_0x11f482640 .functor AND 1, L_0x11f481f40, L_0x11f4825a0, C4<1>, C4<1>;
v0x11f46de20_0 .net *"_ivl_0", 0 0, L_0x11f481e00;  1 drivers
v0x11f46dee0_0 .net *"_ivl_1", 0 0, L_0x11f481ea0;  1 drivers
v0x11f46df80_0 .net *"_ivl_2", 0 0, L_0x11f481f40;  1 drivers
v0x11f46e030_0 .net *"_ivl_4", 0 0, L_0x11f4825a0;  1 drivers
v0x11f46e0e0_0 .net *"_ivl_5", 0 0, L_0x11f482640;  1 drivers
S_0x11f46e1d0 .scope generate, "gen_decoder[34]" "gen_decoder[34]" 2 15, 2 15 0, S_0x11f450cb0;
 .timescale 0 0;
P_0x11f46e3a0 .param/l "i" 1 2 15, +C4<0100010>;
L_0x11f482290 .functor AND 1, L_0x11f482730, L_0x11f4821f0, C4<1>, C4<1>;
L_0x11f482440 .functor AND 1, L_0x11f482290, L_0x11f4823a0, C4<1>, C4<1>;
v0x11f46e430_0 .net *"_ivl_0", 0 0, L_0x11f482730;  1 drivers
v0x11f46e4f0_0 .net *"_ivl_1", 0 0, L_0x11f4821f0;  1 drivers
v0x11f46e590_0 .net *"_ivl_2", 0 0, L_0x11f482290;  1 drivers
v0x11f46e640_0 .net *"_ivl_4", 0 0, L_0x11f4823a0;  1 drivers
v0x11f46e6f0_0 .net *"_ivl_5", 0 0, L_0x11f482440;  1 drivers
S_0x11f46e7e0 .scope generate, "gen_decoder[35]" "gen_decoder[35]" 2 15, 2 15 0, S_0x11f450cb0;
 .timescale 0 0;
P_0x11f46e9b0 .param/l "i" 1 2 15, +C4<0100011>;
L_0x11f4827d0 .functor AND 1, L_0x11f482b60, L_0x11f482c00, C4<1>, C4<1>;
L_0x11f482980 .functor AND 1, L_0x11f4827d0, L_0x11f4828e0, C4<1>, C4<1>;
v0x11f46ea40_0 .net *"_ivl_0", 0 0, L_0x11f482b60;  1 drivers
v0x11f46eb00_0 .net *"_ivl_1", 0 0, L_0x11f482c00;  1 drivers
v0x11f46eba0_0 .net *"_ivl_2", 0 0, L_0x11f4827d0;  1 drivers
v0x11f46ec50_0 .net *"_ivl_4", 0 0, L_0x11f4828e0;  1 drivers
v0x11f46ed00_0 .net *"_ivl_5", 0 0, L_0x11f482980;  1 drivers
S_0x11f46edf0 .scope generate, "gen_decoder[36]" "gen_decoder[36]" 2 15, 2 15 0, S_0x11f450cb0;
 .timescale 0 0;
P_0x11f46efc0 .param/l "i" 1 2 15, +C4<0100100>;
L_0x11f4830b0 .functor AND 1, L_0x11f482a70, L_0x11f483010, C4<1>, C4<1>;
L_0x11f482ca0 .functor AND 1, L_0x11f4830b0, L_0x11f4831e0, C4<1>, C4<1>;
v0x11f46f050_0 .net *"_ivl_0", 0 0, L_0x11f482a70;  1 drivers
v0x11f46f110_0 .net *"_ivl_1", 0 0, L_0x11f483010;  1 drivers
v0x11f46f1b0_0 .net *"_ivl_2", 0 0, L_0x11f4830b0;  1 drivers
v0x11f46f260_0 .net *"_ivl_4", 0 0, L_0x11f4831e0;  1 drivers
v0x11f46f310_0 .net *"_ivl_5", 0 0, L_0x11f482ca0;  1 drivers
S_0x11f46f400 .scope generate, "gen_decoder[37]" "gen_decoder[37]" 2 15, 2 15 0, S_0x11f450cb0;
 .timescale 0 0;
P_0x11f46f5d0 .param/l "i" 1 2 15, +C4<0100101>;
L_0x11f482ed0 .functor AND 1, L_0x11f482d90, L_0x11f482e30, C4<1>, C4<1>;
L_0x11f4836b0 .functor AND 1, L_0x11f482ed0, L_0x11f483610, C4<1>, C4<1>;
v0x11f46f660_0 .net *"_ivl_0", 0 0, L_0x11f482d90;  1 drivers
v0x11f46f720_0 .net *"_ivl_1", 0 0, L_0x11f482e30;  1 drivers
v0x11f46f7c0_0 .net *"_ivl_2", 0 0, L_0x11f482ed0;  1 drivers
v0x11f46f870_0 .net *"_ivl_4", 0 0, L_0x11f483610;  1 drivers
v0x11f46f920_0 .net *"_ivl_5", 0 0, L_0x11f4836b0;  1 drivers
S_0x11f46fa10 .scope generate, "gen_decoder[38]" "gen_decoder[38]" 2 15, 2 15 0, S_0x11f450cb0;
 .timescale 0 0;
P_0x11f46fbe0 .param/l "i" 1 2 15, +C4<0100110>;
L_0x11f483320 .functor AND 1, L_0x11f4837a0, L_0x11f483280, C4<1>, C4<1>;
L_0x11f4834f0 .functor AND 1, L_0x11f483320, L_0x11f483450, C4<1>, C4<1>;
v0x11f46fc70_0 .net *"_ivl_0", 0 0, L_0x11f4837a0;  1 drivers
v0x11f46fd30_0 .net *"_ivl_1", 0 0, L_0x11f483280;  1 drivers
v0x11f46fdd0_0 .net *"_ivl_2", 0 0, L_0x11f483320;  1 drivers
v0x11f46fe80_0 .net *"_ivl_4", 0 0, L_0x11f483450;  1 drivers
v0x11f46ff30_0 .net *"_ivl_5", 0 0, L_0x11f4834f0;  1 drivers
S_0x11f470020 .scope generate, "gen_decoder[39]" "gen_decoder[39]" 2 15, 2 15 0, S_0x11f450cb0;
 .timescale 0 0;
P_0x11f4701f0 .param/l "i" 1 2 15, +C4<0100111>;
L_0x11f483840 .functor AND 1, L_0x11f483bf0, L_0x11f483c90, C4<1>, C4<1>;
L_0x11f4839f0 .functor AND 1, L_0x11f483840, L_0x11f483950, C4<1>, C4<1>;
v0x11f470280_0 .net *"_ivl_0", 0 0, L_0x11f483bf0;  1 drivers
v0x11f470340_0 .net *"_ivl_1", 0 0, L_0x11f483c90;  1 drivers
v0x11f4703e0_0 .net *"_ivl_2", 0 0, L_0x11f483840;  1 drivers
v0x11f470490_0 .net *"_ivl_4", 0 0, L_0x11f483950;  1 drivers
v0x11f470540_0 .net *"_ivl_5", 0 0, L_0x11f4839f0;  1 drivers
S_0x11f470630 .scope generate, "gen_decoder[40]" "gen_decoder[40]" 2 15, 2 15 0, S_0x11f450cb0;
 .timescale 0 0;
P_0x11f470800 .param/l "i" 1 2 15, +C4<0101000>;
L_0x11f483b80 .functor AND 1, L_0x11f483ae0, L_0x11f484100, C4<1>, C4<1>;
L_0x11f483d30 .functor AND 1, L_0x11f483b80, L_0x11f484260, C4<1>, C4<1>;
v0x11f470890_0 .net *"_ivl_0", 0 0, L_0x11f483ae0;  1 drivers
v0x11f470950_0 .net *"_ivl_1", 0 0, L_0x11f484100;  1 drivers
v0x11f4709f0_0 .net *"_ivl_2", 0 0, L_0x11f483b80;  1 drivers
v0x11f470aa0_0 .net *"_ivl_4", 0 0, L_0x11f484260;  1 drivers
v0x11f470b50_0 .net *"_ivl_5", 0 0, L_0x11f483d30;  1 drivers
S_0x11f470c40 .scope generate, "gen_decoder[41]" "gen_decoder[41]" 2 15, 2 15 0, S_0x11f450cb0;
 .timescale 0 0;
P_0x11f470e10 .param/l "i" 1 2 15, +C4<0101001>;
L_0x11f483f60 .functor AND 1, L_0x11f483e20, L_0x11f483ec0, C4<1>, C4<1>;
L_0x11f484090 .functor AND 1, L_0x11f483f60, L_0x11f4846f0, C4<1>, C4<1>;
v0x11f470ea0_0 .net *"_ivl_0", 0 0, L_0x11f483e20;  1 drivers
v0x11f470f60_0 .net *"_ivl_1", 0 0, L_0x11f483ec0;  1 drivers
v0x11f471000_0 .net *"_ivl_2", 0 0, L_0x11f483f60;  1 drivers
v0x11f4710b0_0 .net *"_ivl_4", 0 0, L_0x11f4846f0;  1 drivers
v0x11f471160_0 .net *"_ivl_5", 0 0, L_0x11f484090;  1 drivers
S_0x11f471250 .scope generate, "gen_decoder[42]" "gen_decoder[42]" 2 15, 2 15 0, S_0x11f450cb0;
 .timescale 0 0;
P_0x11f471420 .param/l "i" 1 2 15, +C4<0101010>;
L_0x11f4843a0 .functor AND 1, L_0x11f484810, L_0x11f484300, C4<1>, C4<1>;
L_0x11f484570 .functor AND 1, L_0x11f4843a0, L_0x11f4844d0, C4<1>, C4<1>;
v0x11f4714b0_0 .net *"_ivl_0", 0 0, L_0x11f484810;  1 drivers
v0x11f471570_0 .net *"_ivl_1", 0 0, L_0x11f484300;  1 drivers
v0x11f471610_0 .net *"_ivl_2", 0 0, L_0x11f4843a0;  1 drivers
v0x11f4716c0_0 .net *"_ivl_4", 0 0, L_0x11f4844d0;  1 drivers
v0x11f471770_0 .net *"_ivl_5", 0 0, L_0x11f484570;  1 drivers
S_0x11f471860 .scope generate, "gen_decoder[43]" "gen_decoder[43]" 2 15, 2 15 0, S_0x11f450cb0;
 .timescale 0 0;
P_0x11f471a30 .param/l "i" 1 2 15, +C4<0101011>;
L_0x11f484660 .functor AND 1, L_0x11f4848b0, L_0x11f484950, C4<1>, C4<1>;
L_0x11f484b30 .functor AND 1, L_0x11f484660, L_0x11f484a90, C4<1>, C4<1>;
v0x11f471ac0_0 .net *"_ivl_0", 0 0, L_0x11f4848b0;  1 drivers
v0x11f471b80_0 .net *"_ivl_1", 0 0, L_0x11f484950;  1 drivers
v0x11f471c20_0 .net *"_ivl_2", 0 0, L_0x11f484660;  1 drivers
v0x11f471cd0_0 .net *"_ivl_4", 0 0, L_0x11f484a90;  1 drivers
v0x11f471d80_0 .net *"_ivl_5", 0 0, L_0x11f484b30;  1 drivers
S_0x11f471e70 .scope generate, "gen_decoder[44]" "gen_decoder[44]" 2 15, 2 15 0, S_0x11f450cb0;
 .timescale 0 0;
P_0x11f472040 .param/l "i" 1 2 15, +C4<0101100>;
L_0x11f484d60 .functor AND 1, L_0x11f484c20, L_0x11f484cc0, C4<1>, C4<1>;
L_0x11f484f30 .functor AND 1, L_0x11f484d60, L_0x11f484e90, C4<1>, C4<1>;
v0x11f4720d0_0 .net *"_ivl_0", 0 0, L_0x11f484c20;  1 drivers
v0x11f472190_0 .net *"_ivl_1", 0 0, L_0x11f484cc0;  1 drivers
v0x11f472230_0 .net *"_ivl_2", 0 0, L_0x11f484d60;  1 drivers
v0x11f4722e0_0 .net *"_ivl_4", 0 0, L_0x11f484e90;  1 drivers
v0x11f472390_0 .net *"_ivl_5", 0 0, L_0x11f484f30;  1 drivers
S_0x11f472480 .scope generate, "gen_decoder[45]" "gen_decoder[45]" 2 15, 2 15 0, S_0x11f450cb0;
 .timescale 0 0;
P_0x11f472650 .param/l "i" 1 2 15, +C4<0101101>;
L_0x11f485160 .functor AND 1, L_0x11f485020, L_0x11f4850c0, C4<1>, C4<1>;
L_0x11f485330 .functor AND 1, L_0x11f485160, L_0x11f485290, C4<1>, C4<1>;
v0x11f4726e0_0 .net *"_ivl_0", 0 0, L_0x11f485020;  1 drivers
v0x11f4727a0_0 .net *"_ivl_1", 0 0, L_0x11f4850c0;  1 drivers
v0x11f472840_0 .net *"_ivl_2", 0 0, L_0x11f485160;  1 drivers
v0x11f4728f0_0 .net *"_ivl_4", 0 0, L_0x11f485290;  1 drivers
v0x11f4729a0_0 .net *"_ivl_5", 0 0, L_0x11f485330;  1 drivers
S_0x11f472a90 .scope generate, "gen_decoder[46]" "gen_decoder[46]" 2 15, 2 15 0, S_0x11f450cb0;
 .timescale 0 0;
P_0x11f472c60 .param/l "i" 1 2 15, +C4<0101110>;
L_0x11f485560 .functor AND 1, L_0x11f485420, L_0x11f4854c0, C4<1>, C4<1>;
L_0x11f485730 .functor AND 1, L_0x11f485560, L_0x11f485690, C4<1>, C4<1>;
v0x11f472cf0_0 .net *"_ivl_0", 0 0, L_0x11f485420;  1 drivers
v0x11f472db0_0 .net *"_ivl_1", 0 0, L_0x11f4854c0;  1 drivers
v0x11f472e50_0 .net *"_ivl_2", 0 0, L_0x11f485560;  1 drivers
v0x11f472f00_0 .net *"_ivl_4", 0 0, L_0x11f485690;  1 drivers
v0x11f472fb0_0 .net *"_ivl_5", 0 0, L_0x11f485730;  1 drivers
S_0x11f4730a0 .scope generate, "gen_decoder[47]" "gen_decoder[47]" 2 15, 2 15 0, S_0x11f450cb0;
 .timescale 0 0;
P_0x11f473270 .param/l "i" 1 2 15, +C4<0101111>;
L_0x11f485960 .functor AND 1, L_0x11f485820, L_0x11f4858c0, C4<1>, C4<1>;
L_0x11f485b30 .functor AND 1, L_0x11f485960, L_0x11f485a90, C4<1>, C4<1>;
v0x11f473300_0 .net *"_ivl_0", 0 0, L_0x11f485820;  1 drivers
v0x11f4733c0_0 .net *"_ivl_1", 0 0, L_0x11f4858c0;  1 drivers
v0x11f473460_0 .net *"_ivl_2", 0 0, L_0x11f485960;  1 drivers
v0x11f473510_0 .net *"_ivl_4", 0 0, L_0x11f485a90;  1 drivers
v0x11f4735c0_0 .net *"_ivl_5", 0 0, L_0x11f485b30;  1 drivers
S_0x11f4736b0 .scope generate, "gen_decoder[48]" "gen_decoder[48]" 2 15, 2 15 0, S_0x11f450cb0;
 .timescale 0 0;
P_0x11f473880 .param/l "i" 1 2 15, +C4<0110000>;
L_0x11f485d60 .functor AND 1, L_0x11f485c20, L_0x11f485cc0, C4<1>, C4<1>;
L_0x11f485f30 .functor AND 1, L_0x11f485d60, L_0x11f485e90, C4<1>, C4<1>;
v0x11f473910_0 .net *"_ivl_0", 0 0, L_0x11f485c20;  1 drivers
v0x11f4739d0_0 .net *"_ivl_1", 0 0, L_0x11f485cc0;  1 drivers
v0x11f473a70_0 .net *"_ivl_2", 0 0, L_0x11f485d60;  1 drivers
v0x11f473b20_0 .net *"_ivl_4", 0 0, L_0x11f485e90;  1 drivers
v0x11f473bd0_0 .net *"_ivl_5", 0 0, L_0x11f485f30;  1 drivers
S_0x11f473cc0 .scope generate, "gen_decoder[49]" "gen_decoder[49]" 2 15, 2 15 0, S_0x11f450cb0;
 .timescale 0 0;
P_0x11f473e90 .param/l "i" 1 2 15, +C4<0110001>;
L_0x11f486160 .functor AND 1, L_0x11f486020, L_0x11f4860c0, C4<1>, C4<1>;
L_0x11f486330 .functor AND 1, L_0x11f486160, L_0x11f486290, C4<1>, C4<1>;
v0x11f473f20_0 .net *"_ivl_0", 0 0, L_0x11f486020;  1 drivers
v0x11f473fe0_0 .net *"_ivl_1", 0 0, L_0x11f4860c0;  1 drivers
v0x11f474080_0 .net *"_ivl_2", 0 0, L_0x11f486160;  1 drivers
v0x11f474130_0 .net *"_ivl_4", 0 0, L_0x11f486290;  1 drivers
v0x11f4741e0_0 .net *"_ivl_5", 0 0, L_0x11f486330;  1 drivers
S_0x11f4742d0 .scope generate, "gen_decoder[50]" "gen_decoder[50]" 2 15, 2 15 0, S_0x11f450cb0;
 .timescale 0 0;
P_0x11f4744a0 .param/l "i" 1 2 15, +C4<0110010>;
L_0x11f486560 .functor AND 1, L_0x11f486420, L_0x11f4864c0, C4<1>, C4<1>;
L_0x11f486730 .functor AND 1, L_0x11f486560, L_0x11f486690, C4<1>, C4<1>;
v0x11f474530_0 .net *"_ivl_0", 0 0, L_0x11f486420;  1 drivers
v0x11f4745f0_0 .net *"_ivl_1", 0 0, L_0x11f4864c0;  1 drivers
v0x11f474690_0 .net *"_ivl_2", 0 0, L_0x11f486560;  1 drivers
v0x11f474740_0 .net *"_ivl_4", 0 0, L_0x11f486690;  1 drivers
v0x11f4747f0_0 .net *"_ivl_5", 0 0, L_0x11f486730;  1 drivers
S_0x11f4748e0 .scope generate, "gen_decoder[51]" "gen_decoder[51]" 2 15, 2 15 0, S_0x11f450cb0;
 .timescale 0 0;
P_0x11f474ab0 .param/l "i" 1 2 15, +C4<0110011>;
L_0x11f486960 .functor AND 1, L_0x11f486820, L_0x11f4868c0, C4<1>, C4<1>;
L_0x11f486b30 .functor AND 1, L_0x11f486960, L_0x11f486a90, C4<1>, C4<1>;
v0x11f474b40_0 .net *"_ivl_0", 0 0, L_0x11f486820;  1 drivers
v0x11f474c00_0 .net *"_ivl_1", 0 0, L_0x11f4868c0;  1 drivers
v0x11f474ca0_0 .net *"_ivl_2", 0 0, L_0x11f486960;  1 drivers
v0x11f474d50_0 .net *"_ivl_4", 0 0, L_0x11f486a90;  1 drivers
v0x11f474e00_0 .net *"_ivl_5", 0 0, L_0x11f486b30;  1 drivers
S_0x11f474ef0 .scope generate, "gen_decoder[52]" "gen_decoder[52]" 2 15, 2 15 0, S_0x11f450cb0;
 .timescale 0 0;
P_0x11f4750c0 .param/l "i" 1 2 15, +C4<0110100>;
L_0x11f486d60 .functor AND 1, L_0x11f486c20, L_0x11f486cc0, C4<1>, C4<1>;
L_0x11f486f30 .functor AND 1, L_0x11f486d60, L_0x11f486e90, C4<1>, C4<1>;
v0x11f475150_0 .net *"_ivl_0", 0 0, L_0x11f486c20;  1 drivers
v0x11f475210_0 .net *"_ivl_1", 0 0, L_0x11f486cc0;  1 drivers
v0x11f4752b0_0 .net *"_ivl_2", 0 0, L_0x11f486d60;  1 drivers
v0x11f475360_0 .net *"_ivl_4", 0 0, L_0x11f486e90;  1 drivers
v0x11f475410_0 .net *"_ivl_5", 0 0, L_0x11f486f30;  1 drivers
S_0x11f475500 .scope generate, "gen_decoder[53]" "gen_decoder[53]" 2 15, 2 15 0, S_0x11f450cb0;
 .timescale 0 0;
P_0x11f4756d0 .param/l "i" 1 2 15, +C4<0110101>;
L_0x11f487160 .functor AND 1, L_0x11f487020, L_0x11f4870c0, C4<1>, C4<1>;
L_0x11f487330 .functor AND 1, L_0x11f487160, L_0x11f487290, C4<1>, C4<1>;
v0x11f475760_0 .net *"_ivl_0", 0 0, L_0x11f487020;  1 drivers
v0x11f475820_0 .net *"_ivl_1", 0 0, L_0x11f4870c0;  1 drivers
v0x11f4758c0_0 .net *"_ivl_2", 0 0, L_0x11f487160;  1 drivers
v0x11f475970_0 .net *"_ivl_4", 0 0, L_0x11f487290;  1 drivers
v0x11f475a20_0 .net *"_ivl_5", 0 0, L_0x11f487330;  1 drivers
S_0x11f475b10 .scope generate, "gen_decoder[54]" "gen_decoder[54]" 2 15, 2 15 0, S_0x11f450cb0;
 .timescale 0 0;
P_0x11f475ce0 .param/l "i" 1 2 15, +C4<0110110>;
L_0x11f487560 .functor AND 1, L_0x11f487420, L_0x11f4874c0, C4<1>, C4<1>;
L_0x11f487730 .functor AND 1, L_0x11f487560, L_0x11f487690, C4<1>, C4<1>;
v0x11f475d70_0 .net *"_ivl_0", 0 0, L_0x11f487420;  1 drivers
v0x11f475e30_0 .net *"_ivl_1", 0 0, L_0x11f4874c0;  1 drivers
v0x11f475ed0_0 .net *"_ivl_2", 0 0, L_0x11f487560;  1 drivers
v0x11f475f80_0 .net *"_ivl_4", 0 0, L_0x11f487690;  1 drivers
v0x11f476030_0 .net *"_ivl_5", 0 0, L_0x11f487730;  1 drivers
S_0x11f476120 .scope generate, "gen_decoder[55]" "gen_decoder[55]" 2 15, 2 15 0, S_0x11f450cb0;
 .timescale 0 0;
P_0x11f4762f0 .param/l "i" 1 2 15, +C4<0110111>;
L_0x11f487960 .functor AND 1, L_0x11f487820, L_0x11f4878c0, C4<1>, C4<1>;
L_0x11f487b30 .functor AND 1, L_0x11f487960, L_0x11f487a90, C4<1>, C4<1>;
v0x11f476380_0 .net *"_ivl_0", 0 0, L_0x11f487820;  1 drivers
v0x11f476440_0 .net *"_ivl_1", 0 0, L_0x11f4878c0;  1 drivers
v0x11f4764e0_0 .net *"_ivl_2", 0 0, L_0x11f487960;  1 drivers
v0x11f476590_0 .net *"_ivl_4", 0 0, L_0x11f487a90;  1 drivers
v0x11f476640_0 .net *"_ivl_5", 0 0, L_0x11f487b30;  1 drivers
S_0x11f476730 .scope generate, "gen_decoder[56]" "gen_decoder[56]" 2 15, 2 15 0, S_0x11f450cb0;
 .timescale 0 0;
P_0x11f476900 .param/l "i" 1 2 15, +C4<0111000>;
L_0x11f487d60 .functor AND 1, L_0x11f487c20, L_0x11f487cc0, C4<1>, C4<1>;
L_0x11f487f30 .functor AND 1, L_0x11f487d60, L_0x11f487e90, C4<1>, C4<1>;
v0x11f476990_0 .net *"_ivl_0", 0 0, L_0x11f487c20;  1 drivers
v0x11f476a50_0 .net *"_ivl_1", 0 0, L_0x11f487cc0;  1 drivers
v0x11f476af0_0 .net *"_ivl_2", 0 0, L_0x11f487d60;  1 drivers
v0x11f476ba0_0 .net *"_ivl_4", 0 0, L_0x11f487e90;  1 drivers
v0x11f476c50_0 .net *"_ivl_5", 0 0, L_0x11f487f30;  1 drivers
S_0x11f476d40 .scope generate, "gen_decoder[57]" "gen_decoder[57]" 2 15, 2 15 0, S_0x11f450cb0;
 .timescale 0 0;
P_0x11f476f10 .param/l "i" 1 2 15, +C4<0111001>;
L_0x11f488160 .functor AND 1, L_0x11f488020, L_0x11f4880c0, C4<1>, C4<1>;
L_0x11f488330 .functor AND 1, L_0x11f488160, L_0x11f488290, C4<1>, C4<1>;
v0x11f476fa0_0 .net *"_ivl_0", 0 0, L_0x11f488020;  1 drivers
v0x11f477060_0 .net *"_ivl_1", 0 0, L_0x11f4880c0;  1 drivers
v0x11f477100_0 .net *"_ivl_2", 0 0, L_0x11f488160;  1 drivers
v0x11f4771b0_0 .net *"_ivl_4", 0 0, L_0x11f488290;  1 drivers
v0x11f477260_0 .net *"_ivl_5", 0 0, L_0x11f488330;  1 drivers
S_0x11f477350 .scope generate, "gen_decoder[58]" "gen_decoder[58]" 2 15, 2 15 0, S_0x11f450cb0;
 .timescale 0 0;
P_0x11f477520 .param/l "i" 1 2 15, +C4<0111010>;
L_0x11f488560 .functor AND 1, L_0x11f488420, L_0x11f4884c0, C4<1>, C4<1>;
L_0x11f488730 .functor AND 1, L_0x11f488560, L_0x11f488690, C4<1>, C4<1>;
v0x11f4775b0_0 .net *"_ivl_0", 0 0, L_0x11f488420;  1 drivers
v0x11f477670_0 .net *"_ivl_1", 0 0, L_0x11f4884c0;  1 drivers
v0x11f477710_0 .net *"_ivl_2", 0 0, L_0x11f488560;  1 drivers
v0x11f4777c0_0 .net *"_ivl_4", 0 0, L_0x11f488690;  1 drivers
v0x11f477870_0 .net *"_ivl_5", 0 0, L_0x11f488730;  1 drivers
S_0x11f477960 .scope generate, "gen_decoder[59]" "gen_decoder[59]" 2 15, 2 15 0, S_0x11f450cb0;
 .timescale 0 0;
P_0x11f477b30 .param/l "i" 1 2 15, +C4<0111011>;
L_0x11f488960 .functor AND 1, L_0x11f488820, L_0x11f4888c0, C4<1>, C4<1>;
L_0x11f488b30 .functor AND 1, L_0x11f488960, L_0x11f488a90, C4<1>, C4<1>;
v0x11f477bc0_0 .net *"_ivl_0", 0 0, L_0x11f488820;  1 drivers
v0x11f477c80_0 .net *"_ivl_1", 0 0, L_0x11f4888c0;  1 drivers
v0x11f477d20_0 .net *"_ivl_2", 0 0, L_0x11f488960;  1 drivers
v0x11f477dd0_0 .net *"_ivl_4", 0 0, L_0x11f488a90;  1 drivers
v0x11f477e80_0 .net *"_ivl_5", 0 0, L_0x11f488b30;  1 drivers
S_0x11f477f70 .scope generate, "gen_decoder[60]" "gen_decoder[60]" 2 15, 2 15 0, S_0x11f450cb0;
 .timescale 0 0;
P_0x11f478140 .param/l "i" 1 2 15, +C4<0111100>;
L_0x11f488d60 .functor AND 1, L_0x11f488c20, L_0x11f488cc0, C4<1>, C4<1>;
L_0x11f488f30 .functor AND 1, L_0x11f488d60, L_0x11f488e90, C4<1>, C4<1>;
v0x11f4781d0_0 .net *"_ivl_0", 0 0, L_0x11f488c20;  1 drivers
v0x11f478290_0 .net *"_ivl_1", 0 0, L_0x11f488cc0;  1 drivers
v0x11f478330_0 .net *"_ivl_2", 0 0, L_0x11f488d60;  1 drivers
v0x11f4783e0_0 .net *"_ivl_4", 0 0, L_0x11f488e90;  1 drivers
v0x11f478490_0 .net *"_ivl_5", 0 0, L_0x11f488f30;  1 drivers
S_0x11f478580 .scope generate, "gen_decoder[61]" "gen_decoder[61]" 2 15, 2 15 0, S_0x11f450cb0;
 .timescale 0 0;
P_0x11f46c450 .param/l "i" 1 2 15, +C4<0111101>;
L_0x11f489160 .functor AND 1, L_0x11f489020, L_0x11f4890c0, C4<1>, C4<1>;
L_0x11f489330 .functor AND 1, L_0x11f489160, L_0x11f489290, C4<1>, C4<1>;
v0x11f46c4e0_0 .net *"_ivl_0", 0 0, L_0x11f489020;  1 drivers
v0x11f46c5a0_0 .net *"_ivl_1", 0 0, L_0x11f4890c0;  1 drivers
v0x11f478750_0 .net *"_ivl_2", 0 0, L_0x11f489160;  1 drivers
v0x11f4787f0_0 .net *"_ivl_4", 0 0, L_0x11f489290;  1 drivers
v0x11f4788a0_0 .net *"_ivl_5", 0 0, L_0x11f489330;  1 drivers
S_0x11f478990 .scope generate, "gen_decoder[62]" "gen_decoder[62]" 2 15, 2 15 0, S_0x11f450cb0;
 .timescale 0 0;
P_0x11f478b60 .param/l "i" 1 2 15, +C4<0111110>;
L_0x11f489580 .functor AND 1, L_0x11f489440, L_0x11f4894e0, C4<1>, C4<1>;
L_0x11f489750 .functor AND 1, L_0x11f489580, L_0x11f4896b0, C4<1>, C4<1>;
v0x11f478bf0_0 .net *"_ivl_0", 0 0, L_0x11f489440;  1 drivers
v0x11f478cb0_0 .net *"_ivl_1", 0 0, L_0x11f4894e0;  1 drivers
v0x11f478d50_0 .net *"_ivl_2", 0 0, L_0x11f489580;  1 drivers
v0x11f478e00_0 .net *"_ivl_4", 0 0, L_0x11f4896b0;  1 drivers
v0x11f478eb0_0 .net *"_ivl_5", 0 0, L_0x11f489750;  1 drivers
S_0x11f478fa0 .scope generate, "gen_decoder[63]" "gen_decoder[63]" 2 15, 2 15 0, S_0x11f450cb0;
 .timescale 0 0;
P_0x11f479170 .param/l "i" 1 2 15, +C4<0111111>;
L_0x11f48abf0 .functor AND 1, L_0x11f48aab0, L_0x11f48ab50, C4<1>, C4<1>;
L_0x11f48ad80 .functor AND 1, L_0x11f48abf0, L_0x11f48ace0, C4<1>, C4<1>;
v0x11f479200_0 .net *"_ivl_0", 0 0, L_0x11f48aab0;  1 drivers
v0x11f4792c0_0 .net *"_ivl_1", 0 0, L_0x11f48ab50;  1 drivers
v0x11f479360_0 .net *"_ivl_2", 0 0, L_0x11f48abf0;  1 drivers
v0x11f479410_0 .net *"_ivl_4", 0 0, L_0x11f48ace0;  1 drivers
v0x11f4794c0_0 .net *"_ivl_5", 0 0, L_0x11f48ad80;  1 drivers
    .scope S_0x11f450e20;
T_0 ;
    %wait E_0x11f416940;
    %load/vec4 v0x11f40b800_0;
    %dup/vec4;
    %pushi/vec4 0, 0, 2;
    %cmp/u;
    %jmp/1 T_0.0, 6;
    %dup/vec4;
    %pushi/vec4 1, 0, 2;
    %cmp/u;
    %jmp/1 T_0.1, 6;
    %dup/vec4;
    %pushi/vec4 2, 0, 2;
    %cmp/u;
    %jmp/1 T_0.2, 6;
    %dup/vec4;
    %pushi/vec4 3, 0, 2;
    %cmp/u;
    %jmp/1 T_0.3, 6;
    %pushi/vec4 0, 0, 4;
    %assign/vec4 v0x11f4608f0_0, 0;
    %jmp T_0.5;
T_0.0 ;
    %pushi/vec4 1, 0, 4;
    %assign/vec4 v0x11f4608f0_0, 0;
    %jmp T_0.5;
T_0.1 ;
    %pushi/vec4 2, 0, 4;
    %assign/vec4 v0x11f4608f0_0, 0;
    %jmp T_0.5;
T_0.2 ;
    %pushi/vec4 4, 0, 4;
    %assign/vec4 v0x11f4608f0_0, 0;
    %jmp T_0.5;
T_0.3 ;
    %pushi/vec4 8, 0, 4;
    %assign/vec4 v0x11f4608f0_0, 0;
    %jmp T_0.5;
T_0.5 ;
    %pop/vec4 1;
    %jmp T_0;
    .thread T_0, $push;
    .scope S_0x11f4609b0;
T_1 ;
    %wait E_0x11f460bb0;
    %load/vec4 v0x11f460c10_0;
    %dup/vec4;
    %pushi/vec4 0, 0, 2;
    %cmp/u;
    %jmp/1 T_1.0, 6;
    %dup/vec4;
    %pushi/vec4 1, 0, 2;
    %cmp/u;
    %jmp/1 T_1.1, 6;
    %dup/vec4;
    %pushi/vec4 2, 0, 2;
    %cmp/u;
    %jmp/1 T_1.2, 6;
    %dup/vec4;
    %pushi/vec4 3, 0, 2;
    %cmp/u;
    %jmp/1 T_1.3, 6;
    %pushi/vec4 0, 0, 4;
    %assign/vec4 v0x11f460cd0_0, 0;
    %jmp T_1.5;
T_1.0 ;
    %pushi/vec4 1, 0, 4;
    %assign/vec4 v0x11f460cd0_0, 0;
    %jmp T_1.5;
T_1.1 ;
    %pushi/vec4 2, 0, 4;
    %assign/vec4 v0x11f460cd0_0, 0;
    %jmp T_1.5;
T_1.2 ;
    %pushi/vec4 4, 0, 4;
    %assign/vec4 v0x11f460cd0_0, 0;
    %jmp T_1.5;
T_1.3 ;
    %pushi/vec4 8, 0, 4;
    %assign/vec4 v0x11f460cd0_0, 0;
    %jmp T_1.5;
T_1.5 ;
    %pop/vec4 1;
    %jmp T_1;
    .thread T_1, $push;
    .scope S_0x11f460db0;
T_2 ;
    %wait E_0x11f460fd0;
    %load/vec4 v0x11f461020_0;
    %dup/vec4;
    %pushi/vec4 0, 0, 2;
    %cmp/u;
    %jmp/1 T_2.0, 6;
    %dup/vec4;
    %pushi/vec4 1, 0, 2;
    %cmp/u;
    %jmp/1 T_2.1, 6;
    %dup/vec4;
    %pushi/vec4 2, 0, 2;
    %cmp/u;
    %jmp/1 T_2.2, 6;
    %dup/vec4;
    %pushi/vec4 3, 0, 2;
    %cmp/u;
    %jmp/1 T_2.3, 6;
    %pushi/vec4 0, 0, 4;
    %assign/vec4 v0x11f4610e0_0, 0;
    %jmp T_2.5;
T_2.0 ;
    %pushi/vec4 1, 0, 4;
    %assign/vec4 v0x11f4610e0_0, 0;
    %jmp T_2.5;
T_2.1 ;
    %pushi/vec4 2, 0, 4;
    %assign/vec4 v0x11f4610e0_0, 0;
    %jmp T_2.5;
T_2.2 ;
    %pushi/vec4 4, 0, 4;
    %assign/vec4 v0x11f4610e0_0, 0;
    %jmp T_2.5;
T_2.3 ;
    %pushi/vec4 8, 0, 4;
    %assign/vec4 v0x11f4610e0_0, 0;
    %jmp T_2.5;
T_2.5 ;
    %pop/vec4 1;
    %jmp T_2;
    .thread T_2, $push;
# The file index is used to find the file name in the following table.
:file_names 3;
    "N/A";
    "<interactive>";
    "/Users/yatagaclapotk/Desktop/Genel_Calismalar/FPGA/verilog_sorular/ex4-13/ex4-14.sv";
