#! /Users/yatagaclapotk/Programs/oss-cad-suite/bin/vvp
:ivl_version "13.0 (devel)" "(s20250103-17-g30123f894)";
:ivl_delay_selection "TYPICAL";
:vpi_time_precision + 0;
:vpi_module "/Users/yatagaclapotk/Programs/oss-cad-suite/lib/ivl/system.vpi";
:vpi_module "/Users/yatagaclapotk/Programs/oss-cad-suite/lib/ivl/vhdl_sys.vpi";
:vpi_module "/Users/yatagaclapotk/Programs/oss-cad-suite/lib/ivl/vhdl_textio.vpi";
:vpi_module "/Users/yatagaclapotk/Programs/oss-cad-suite/lib/ivl/v2005_math.vpi";
:vpi_module "/Users/yatagaclapotk/Programs/oss-cad-suite/lib/ivl/va_math.vpi";
S_0x153f042e0 .scope module, "top" "top" 2 1;
 .timescale 0 0;
    .port_info 0 /INPUT 4 "A";
    .port_info 1 /INPUT 4 "B";
    .port_info 2 /OUTPUT 1 "cout";
    .port_info 3 /OUTPUT 7 "seg_out";
o0x138008d60 .functor BUFZ 4, c4<zzzz>; HiZ drive
v0x153f17e40_0 .net "A", 3 0, o0x138008d60;  0 drivers
o0x138008d90 .functor BUFZ 4, c4<zzzz>; HiZ drive
v0x153f17f00_0 .net "B", 3 0, o0x138008d90;  0 drivers
v0x153f17fb0_0 .net "cout", 0 0, L_0x153f1a210;  1 drivers
v0x153f180a0_0 .net "led", 3 0, L_0x153f1ac30;  1 drivers
v0x153f18170_0 .net "seg_out", 6 0, v0x153f17d70_0;  1 drivers
S_0x153f044d0 .scope module, "fba" "FourbitAdder" 2 7, 2 39 0, S_0x153f042e0;
 .timescale 0 0;
    .port_info 0 /INPUT 4 "A";
    .port_info 1 /INPUT 4 "B";
    .port_info 2 /OUTPUT 1 "Cout";
    .port_info 3 /OUTPUT 4 "led";
v0x153f176c0_0 .net "A", 3 0, o0x138008d60;  alias, 0 drivers
v0x153f17750_0 .net "B", 3 0, o0x138008d90;  alias, 0 drivers
v0x153f177e0_0 .net "Cout", 0 0, L_0x153f1a210;  alias, 1 drivers
v0x153f17890_0 .net "K", 2 0, L_0x153f1a060;  1 drivers
v0x153f17920_0 .net "led", 3 0, L_0x153f1ac30;  alias, 1 drivers
L_0x153f18960 .part o0x138008d60, 0, 1;
L_0x153f18a40 .part o0x138008d90, 0, 1;
L_0x153f192f0 .part o0x138008d60, 1, 1;
L_0x153f193d0 .part o0x138008d90, 1, 1;
L_0x153f194b0 .part L_0x153f1a060, 0, 1;
L_0x153f19d00 .part o0x138008d60, 2, 1;
L_0x153f19e60 .part o0x138008d90, 2, 1;
L_0x153f19f80 .part L_0x153f1a060, 1, 1;
L_0x153f1a060 .concat8 [ 1 1 1 0], L_0x153f18250, L_0x153f18b20, L_0x153f19590;
L_0x153f1a8b0 .part o0x138008d60, 3, 1;
L_0x153f1a990 .part o0x138008d90, 3, 1;
L_0x153f1aad0 .part L_0x153f1a060, 2, 1;
L_0x153f1ac30 .concat8 [ 1 1 1 1], L_0x153f18310, L_0x153f18bc0, L_0x153f19630, L_0x153f1a2b0;
S_0x153f04710 .scope module, "a0" "OnebitAdder" 2 45, 2 51 0, S_0x153f044d0;
 .timescale 0 0;
    .port_info 0 /INPUT 1 "A";
    .port_info 1 /INPUT 1 "B";
    .port_info 2 /INPUT 1 "Cin";
    .port_info 3 /OUTPUT 1 "Y";
    .port_info 4 /OUTPUT 1 "Cout";
v0x153f049a0_0 .net "A", 0 0, L_0x153f18960;  1 drivers
v0x153f14a30_0 .net "B", 0 0, L_0x153f18a40;  1 drivers
L_0x1380400a0 .functor BUFT 1, C4<1>, C4<0>, C4<0>, C4<0>;
v0x153f14ad0_0 .net "Cin", 0 0, L_0x1380400a0;  1 drivers
v0x153f14b80_0 .net "Cout", 0 0, L_0x153f18250;  1 drivers
v0x153f14c20_0 .net "Y", 0 0, L_0x153f18310;  1 drivers
L_0x138040058 .functor BUFT 1, C4<0>, C4<0>, C4<0>, C4<0>;
v0x153f14d00_0 .net *"_ivl_10", 0 0, L_0x138040058;  1 drivers
v0x153f14db0_0 .net *"_ivl_11", 1 0, L_0x153f186b0;  1 drivers
L_0x138040370 .functor BUFT 1, C4<01>, C4<0>, C4<0>, C4<0>;
v0x153f14e60_0 .net *"_ivl_13", 1 0, L_0x138040370;  1 drivers
v0x153f14f10_0 .net *"_ivl_17", 1 0, L_0x153f18820;  1 drivers
v0x153f15020_0 .net *"_ivl_3", 1 0, L_0x153f18410;  1 drivers
L_0x138040010 .functor BUFT 1, C4<0>, C4<0>, C4<0>, C4<0>;
v0x153f150d0_0 .net *"_ivl_6", 0 0, L_0x138040010;  1 drivers
v0x153f15180_0 .net *"_ivl_7", 1 0, L_0x153f18570;  1 drivers
L_0x153f18250 .part L_0x153f18820, 1, 1;
L_0x153f18310 .part L_0x153f18820, 0, 1;
L_0x153f18410 .concat [ 1 1 0 0], L_0x153f18960, L_0x138040010;
L_0x153f18570 .concat [ 1 1 0 0], L_0x153f18a40, L_0x138040058;
L_0x153f186b0 .arith/sum 2, L_0x153f18410, L_0x153f18570;
L_0x153f18820 .arith/sum 2, L_0x153f186b0, L_0x138040370;
S_0x153f152b0 .scope module, "a1" "OnebitAdder" 2 46, 2 51 0, S_0x153f044d0;
 .timescale 0 0;
    .port_info 0 /INPUT 1 "A";
    .port_info 1 /INPUT 1 "B";
    .port_info 2 /INPUT 1 "Cin";
    .port_info 3 /OUTPUT 1 "Y";
    .port_info 4 /OUTPUT 1 "Cout";
v0x153f15510_0 .net "A", 0 0, L_0x153f192f0;  1 drivers
v0x153f155a0_0 .net "B", 0 0, L_0x153f193d0;  1 drivers
v0x153f15630_0 .net "Cin", 0 0, L_0x153f194b0;  1 drivers
v0x153f156e0_0 .net "Cout", 0 0, L_0x153f18b20;  1 drivers
v0x153f15770_0 .net "Y", 0 0, L_0x153f18bc0;  1 drivers
L_0x138040130 .functor BUFT 1, C4<0>, C4<0>, C4<0>, C4<0>;
v0x153f15850_0 .net *"_ivl_10", 0 0, L_0x138040130;  1 drivers
v0x153f15900_0 .net *"_ivl_11", 1 0, L_0x153f18f20;  1 drivers
v0x153f159b0_0 .net *"_ivl_13", 1 0, L_0x153f19090;  1 drivers
L_0x138040178 .functor BUFT 1, C4<0>, C4<0>, C4<0>, C4<0>;
v0x153f15a60_0 .net *"_ivl_16", 0 0, L_0x138040178;  1 drivers
v0x153f15b70_0 .net *"_ivl_17", 1 0, L_0x153f19170;  1 drivers
v0x153f15c20_0 .net *"_ivl_3", 1 0, L_0x153f18c60;  1 drivers
L_0x1380400e8 .functor BUFT 1, C4<0>, C4<0>, C4<0>, C4<0>;
v0x153f15cd0_0 .net *"_ivl_6", 0 0, L_0x1380400e8;  1 drivers
v0x153f15d80_0 .net *"_ivl_7", 1 0, L_0x153f18da0;  1 drivers
L_0x153f18b20 .part L_0x153f19170, 1, 1;
L_0x153f18bc0 .part L_0x153f19170, 0, 1;
L_0x153f18c60 .concat [ 1 1 0 0], L_0x153f192f0, L_0x1380400e8;
L_0x153f18da0 .concat [ 1 1 0 0], L_0x153f193d0, L_0x138040130;
L_0x153f18f20 .arith/sum 2, L_0x153f18c60, L_0x153f18da0;
L_0x153f19090 .concat [ 1 1 0 0], L_0x153f194b0, L_0x138040178;
L_0x153f19170 .arith/sum 2, L_0x153f18f20, L_0x153f19090;
S_0x153f15eb0 .scope module, "a2" "OnebitAdder" 2 47, 2 51 0, S_0x153f044d0;
 .timescale 0 0;
    .port_info 0 /INPUT 1 "A";
    .port_info 1 /INPUT 1 "B";
    .port_info 2 /INPUT 1 "Cin";
    .port_info 3 /OUTPUT 1 "Y";
    .port_info 4 /OUTPUT 1 "Cout";
v0x153f16110_0 .net "A", 0 0, L_0x153f19d00;  1 drivers
v0x153f161a0_0 .net "B", 0 0, L_0x153f19e60;  1 drivers
v0x153f16230_0 .net "Cin", 0 0, L_0x153f19f80;  1 drivers
v0x153f162e0_0 .net "Cout", 0 0, L_0x153f19590;  1 drivers
v0x153f16380_0 .net "Y", 0 0, L_0x153f19630;  1 drivers
L_0x138040208 .functor BUFT 1, C4<0>, C4<0>, C4<0>, C4<0>;
v0x153f16460_0 .net *"_ivl_10", 0 0, L_0x138040208;  1 drivers
v0x153f16510_0 .net *"_ivl_11", 1 0, L_0x153f198f0;  1 drivers
v0x153f165c0_0 .net *"_ivl_13", 1 0, L_0x153f19a60;  1 drivers
L_0x138040250 .functor BUFT 1, C4<0>, C4<0>, C4<0>, C4<0>;
v0x153f16670_0 .net *"_ivl_16", 0 0, L_0x138040250;  1 drivers
v0x153f16780_0 .net *"_ivl_17", 1 0, L_0x153f19bc0;  1 drivers
v0x153f16830_0 .net *"_ivl_3", 1 0, L_0x153f196d0;  1 drivers
L_0x1380401c0 .functor BUFT 1, C4<0>, C4<0>, C4<0>, C4<0>;
v0x153f168e0_0 .net *"_ivl_6", 0 0, L_0x1380401c0;  1 drivers
v0x153f16990_0 .net *"_ivl_7", 1 0, L_0x153f197b0;  1 drivers
L_0x153f19590 .part L_0x153f19bc0, 1, 1;
L_0x153f19630 .part L_0x153f19bc0, 0, 1;
L_0x153f196d0 .concat [ 1 1 0 0], L_0x153f19d00, L_0x1380401c0;
L_0x153f197b0 .concat [ 1 1 0 0], L_0x153f19e60, L_0x138040208;
L_0x153f198f0 .arith/sum 2, L_0x153f196d0, L_0x153f197b0;
L_0x153f19a60 .concat [ 1 1 0 0], L_0x153f19f80, L_0x138040250;
L_0x153f19bc0 .arith/sum 2, L_0x153f198f0, L_0x153f19a60;
S_0x153f16ac0 .scope module, "a3" "OnebitAdder" 2 48, 2 51 0, S_0x153f044d0;
 .timescale 0 0;
    .port_info 0 /INPUT 1 "A";
    .port_info 1 /INPUT 1 "B";
    .port_info 2 /INPUT 1 "Cin";
    .port_info 3 /OUTPUT 1 "Y";
    .port_info 4 /OUTPUT 1 "Cout";
v0x153f16d20_0 .net "A", 0 0, L_0x153f1a8b0;  1 drivers
v0x153f16db0_0 .net "B", 0 0, L_0x153f1a990;  1 drivers
v0x153f16e40_0 .net "Cin", 0 0, L_0x153f1aad0;  1 drivers
v0x153f16ef0_0 .net "Cout", 0 0, L_0x153f1a210;  alias, 1 drivers
v0x153f16f80_0 .net "Y", 0 0, L_0x153f1a2b0;  1 drivers
L_0x1380402e0 .functor BUFT 1, C4<0>, C4<0>, C4<0>, C4<0>;
v0x153f17060_0 .net *"_ivl_10", 0 0, L_0x1380402e0;  1 drivers
v0x153f17110_0 .net *"_ivl_11", 1 0, L_0x153f1a510;  1 drivers
v0x153f171c0_0 .net *"_ivl_13", 1 0, L_0x153f1a650;  1 drivers
L_0x138040328 .functor BUFT 1, C4<0>, C4<0>, C4<0>, C4<0>;
v0x153f17270_0 .net *"_ivl_16", 0 0, L_0x138040328;  1 drivers
v0x153f17380_0 .net *"_ivl_17", 1 0, L_0x153f1a730;  1 drivers
v0x153f17430_0 .net *"_ivl_3", 1 0, L_0x153f1a350;  1 drivers
L_0x138040298 .functor BUFT 1, C4<0>, C4<0>, C4<0>, C4<0>;
v0x153f174e0_0 .net *"_ivl_6", 0 0, L_0x138040298;  1 drivers
v0x153f17590_0 .net *"_ivl_7", 1 0, L_0x153f1a430;  1 drivers
L_0x153f1a210 .part L_0x153f1a730, 1, 1;
L_0x153f1a2b0 .part L_0x153f1a730, 0, 1;
L_0x153f1a350 .concat [ 1 1 0 0], L_0x153f1a8b0, L_0x138040298;
L_0x153f1a430 .concat [ 1 1 0 0], L_0x153f1a990, L_0x1380402e0;
L_0x153f1a510 .arith/sum 2, L_0x153f1a350, L_0x153f1a430;
L_0x153f1a650 .concat [ 1 1 0 0], L_0x153f1aad0, L_0x138040328;
L_0x153f1a730 .arith/sum 2, L_0x153f1a510, L_0x153f1a650;
S_0x153f17a50 .scope module, "sseg" "sevensegment" 2 8, 2 12 0, S_0x153f042e0;
 .timescale 0 0;
    .port_info 0 /INPUT 4 "i";
    .port_info 1 /OUTPUT 7 "out";
v0x153f17ca0_0 .net "i", 3 0, L_0x153f1ac30;  alias, 1 drivers
v0x153f17d70_0 .var "out", 6 0;
E_0x153f17c60 .event anyedge, v0x153f17920_0;
    .scope S_0x153f17a50;
T_0 ;
    %wait E_0x153f17c60;
    %load/vec4 v0x153f17ca0_0;
    %inv;
    %dup/vec4;
    %pushi/vec4 0, 0, 4;
    %cmp/u;
    %jmp/1 T_0.0, 6;
    %dup/vec4;
    %pushi/vec4 1, 0, 4;
    %cmp/u;
    %jmp/1 T_0.1, 6;
    %dup/vec4;
    %pushi/vec4 2, 0, 4;
    %cmp/u;
    %jmp/1 T_0.2, 6;
    %dup/vec4;
    %pushi/vec4 3, 0, 4;
    %cmp/u;
    %jmp/1 T_0.3, 6;
    %dup/vec4;
    %pushi/vec4 4, 0, 4;
    %cmp/u;
    %jmp/1 T_0.4, 6;
    %dup/vec4;
    %pushi/vec4 5, 0, 4;
    %cmp/u;
    %jmp/1 T_0.5, 6;
    %dup/vec4;
    %pushi/vec4 6, 0, 4;
    %cmp/u;
    %jmp/1 T_0.6, 6;
    %dup/vec4;
    %pushi/vec4 7, 0, 4;
    %cmp/u;
    %jmp/1 T_0.7, 6;
    %dup/vec4;
    %pushi/vec4 8, 0, 4;
    %cmp/u;
    %jmp/1 T_0.8, 6;
    %dup/vec4;
    %pushi/vec4 9, 0, 4;
    %cmp/u;
    %jmp/1 T_0.9, 6;
    %dup/vec4;
    %pushi/vec4 10, 0, 4;
    %cmp/u;
    %jmp/1 T_0.10, 6;
    %dup/vec4;
    %pushi/vec4 11, 0, 4;
    %cmp/u;
    %jmp/1 T_0.11, 6;
    %dup/vec4;
    %pushi/vec4 12, 0, 4;
    %cmp/u;
    %jmp/1 T_0.12, 6;
    %dup/vec4;
    %pushi/vec4 13, 0, 4;
    %cmp/u;
    %jmp/1 T_0.13, 6;
    %dup/vec4;
    %pushi/vec4 14, 0, 4;
    %cmp/u;
    %jmp/1 T_0.14, 6;
    %dup/vec4;
    %pushi/vec4 15, 0, 4;
    %cmp/u;
    %jmp/1 T_0.15, 6;
    %pushi/vec4 0, 0, 7;
    %store/vec4 v0x153f17d70_0, 0, 7;
    %jmp T_0.17;
T_0.0 ;
    %pushi/vec4 63, 0, 7;
    %store/vec4 v0x153f17d70_0, 0, 7;
    %jmp T_0.17;
T_0.1 ;
    %pushi/vec4 6, 0, 7;
    %store/vec4 v0x153f17d70_0, 0, 7;
    %jmp T_0.17;
T_0.2 ;
    %pushi/vec4 91, 0, 7;
    %store/vec4 v0x153f17d70_0, 0, 7;
    %jmp T_0.17;
T_0.3 ;
    %pushi/vec4 79, 0, 7;
    %store/vec4 v0x153f17d70_0, 0, 7;
    %jmp T_0.17;
T_0.4 ;
    %pushi/vec4 102, 0, 7;
    %store/vec4 v0x153f17d70_0, 0, 7;
    %jmp T_0.17;
T_0.5 ;
    %pushi/vec4 109, 0, 7;
    %store/vec4 v0x153f17d70_0, 0, 7;
    %jmp T_0.17;
T_0.6 ;
    %pushi/vec4 125, 0, 7;
    %store/vec4 v0x153f17d70_0, 0, 7;
    %jmp T_0.17;
T_0.7 ;
    %pushi/vec4 7, 0, 7;
    %store/vec4 v0x153f17d70_0, 0, 7;
    %jmp T_0.17;
T_0.8 ;
    %pushi/vec4 127, 0, 7;
    %store/vec4 v0x153f17d70_0, 0, 7;
    %jmp T_0.17;
T_0.9 ;
    %pushi/vec4 111, 0, 7;
    %store/vec4 v0x153f17d70_0, 0, 7;
    %jmp T_0.17;
T_0.10 ;
    %pushi/vec4 119, 0, 7;
    %store/vec4 v0x153f17d70_0, 0, 7;
    %jmp T_0.17;
T_0.11 ;
    %pushi/vec4 124, 0, 7;
    %store/vec4 v0x153f17d70_0, 0, 7;
    %jmp T_0.17;
T_0.12 ;
    %pushi/vec4 57, 0, 7;
    %store/vec4 v0x153f17d70_0, 0, 7;
    %jmp T_0.17;
T_0.13 ;
    %pushi/vec4 94, 0, 7;
    %store/vec4 v0x153f17d70_0, 0, 7;
    %jmp T_0.17;
T_0.14 ;
    %pushi/vec4 121, 0, 7;
    %store/vec4 v0x153f17d70_0, 0, 7;
    %jmp T_0.17;
T_0.15 ;
    %pushi/vec4 113, 0, 7;
    %store/vec4 v0x153f17d70_0, 0, 7;
    %jmp T_0.17;
T_0.17 ;
    %pop/vec4 1;
    %jmp T_0;
    .thread T_0, $push;
# The file index is used to find the file name in the following table.
:file_names 3;
    "N/A";
    "<interactive>";
    "/Users/yatagaclapotk/Desktop/Genel_Calismalar/FPGA/verilog_sorular/LAB3/src/sevensegment.v";
