#! /Users/yatagaclapotk/Programs/oss-cad-suite/bin/vvp
:ivl_version "13.0 (devel)" "(s20250103-17-g30123f894)";
:ivl_delay_selection "TYPICAL";
:vpi_time_precision + 0;
:vpi_module "/Users/yatagaclapotk/Programs/oss-cad-suite/lib/ivl/system.vpi";
:vpi_module "/Users/yatagaclapotk/Programs/oss-cad-suite/lib/ivl/vhdl_sys.vpi";
:vpi_module "/Users/yatagaclapotk/Programs/oss-cad-suite/lib/ivl/vhdl_textio.vpi";
:vpi_module "/Users/yatagaclapotk/Programs/oss-cad-suite/lib/ivl/v2005_math.vpi";
:vpi_module "/Users/yatagaclapotk/Programs/oss-cad-suite/lib/ivl/va_math.vpi";
S_0x13f004950 .scope module, "RAM" "RAM" 2 1;
 .timescale 0 0;
    .port_info 0 /INPUT 1 "clk";
    .port_info 1 /INPUT 12 "addr";
    .port_info 2 /INPUT 16 "data_in";
    .port_info 3 /INPUT 1 "we";
    .port_info 4 /INPUT 1 "re";
    .port_info 5 /OUTPUT 16 "data_out";
o0x120030010 .functor BUFZ 12, c4<zzzzzzzzzzzz>; HiZ drive
v0x13f0086d0_0 .net "addr", 11 0, o0x120030010;  0 drivers
o0x120030040 .functor BUFZ 1, c4<z>; HiZ drive
v0x13f018590_0 .net "clk", 0 0, o0x120030040;  0 drivers
o0x120030070 .functor BUFZ 16, c4<zzzzzzzzzzzzzzzz>; HiZ drive
v0x13f018630_0 .net "data_in", 15 0, o0x120030070;  0 drivers
v0x13f0186d0_0 .var "data_out", 15 0;
v0x13f018780 .array "ram", 4095 0, 15 0;
o0x1200300d0 .functor BUFZ 1, c4<z>; HiZ drive
v0x13f018860_0 .net "re", 0 0, o0x1200300d0;  0 drivers
o0x120030100 .functor BUFZ 1, c4<z>; HiZ drive
v0x13f018900_0 .net "we", 0 0, o0x120030100;  0 drivers
E_0x13f005710 .event posedge, v0x13f018590_0;
    .scope S_0x13f004950;
T_0 ;
    %wait E_0x13f005710;
    %load/vec4 v0x13f018900_0;
    %flag_set/vec4 8;
    %jmp/0xz  T_0.0, 8;
    %load/vec4 v0x13f018630_0;
    %load/vec4 v0x13f0086d0_0;
    %pad/u 14;
    %ix/vec4 3;
    %ix/load 4, 0, 0; Constant delay
    %assign/vec4/a/d v0x13f018780, 0, 4;
T_0.0 ;
    %load/vec4 v0x13f018860_0;
    %flag_set/vec4 8;
    %jmp/0xz  T_0.2, 8;
    %load/vec4 v0x13f0086d0_0;
    %pad/u 14;
    %ix/vec4 4;
    %load/vec4a v0x13f018780, 4;
    %assign/vec4 v0x13f0186d0_0, 0;
T_0.2 ;
    %jmp T_0;
    .thread T_0;
# The file index is used to find the file name in the following table.
:file_names 3;
    "N/A";
    "<interactive>";
    "/Users/yatagaclapotk/Desktop/Genel_Calismalar/FPGA/verilog_sorular/CPU/ram_tb/src/RAM.v";
