Reading netlist file: "/Users/yatagaclapotk/Desktop/Genel_Calismalar/FPGA/verilog_sorular/pc2/impl/gwsynthesis/pc2.vg"
Parsing netlist file "/Users/yatagaclapotk/Desktop/Genel_Calismalar/FPGA/verilog_sorular/pc2/impl/gwsynthesis/pc2.vg" completed
Processing netlist completed
Reading constraint file: "/Users/yatagaclapotk/Desktop/Genel_Calismalar/FPGA/verilog_sorular/pc2/src/cst.cst"
Physical Constraint parsed completed
Running placement......
[10%] Placement Phase 0 completed
[20%] Placement Phase 1 completed
[30%] Placement Phase 2 completed
[50%] Placement Phase 3 completed
Running routing......
[60%] Routing Phase 0 completed
[70%] Routing Phase 1 completed
[80%] Routing Phase 2 completed
[90%] Routing Phase 3 completed
Running timing analysis......
[95%] Timing analysis completed
Placement and routing completed
Bitstream generation in progress......
Bitstream generation completed
Running power analysis......
[100%] Power analysis completed
Generate file "/Users/yatagaclapotk/Desktop/Genel_Calismalar/FPGA/verilog_sorular/pc2/impl/pnr/pc2.power.html" completed
Generate file "/Users/yatagaclapotk/Desktop/Genel_Calismalar/FPGA/verilog_sorular/pc2/impl/pnr/pc2.pin.html" completed
Generate file "/Users/yatagaclapotk/Desktop/Genel_Calismalar/FPGA/verilog_sorular/pc2/impl/pnr/pc2.rpt.html" completed
Generate file "/Users/yatagaclapotk/Desktop/Genel_Calismalar/FPGA/verilog_sorular/pc2/impl/pnr/pc2.rpt.txt" completed
Generate file "/Users/yatagaclapotk/Desktop/Genel_Calismalar/FPGA/verilog_sorular/pc2/impl/pnr/pc2.tr.html" completed
Sun Aug  3 12:02:16 2025

